2025-02-25 11:58:01,716 [INFO] Activator:176 - 


2025-02-25 11:58:01,731 [INFO] Activator:177 - !SESSION log4j initialized
2025-02-25 11:58:14,503 [INFO] LogOutputStream:77 - [STDOUT_REDIRECT] 
2025-02-25 11:58:22,213 [INFO] ApplicationProperties:184 - Using Application install path: C:\ST\STM32CubeIDE_1.17.0\STM32CubeIDE\plugins\com.st.stm32cube.common.mx_6.13.0.202411220809
2025-02-25 11:58:22,242 [INFO] DbMcusXml:78 - Set database path to: C:\ST\STM32CubeIDE_1.17.0\STM32CubeIDE\plugins\com.st.stm32cube.common.mx_6.13.0.202411220809\\db\/mcu/
2025-02-25 11:58:22,243 [INFO] ApiDb:274 - Set plugin database path to: C:\ST\STM32CubeIDE_1.17.0\STM32CubeIDE\plugins\com.st.stm32cube.common.mx_6.13.0.202411220809\\db\/plugins/boardmanager/
2025-02-25 11:58:22,244 [WARN] ApiDb:259 - Overriding images path with different value:  => C:\ST\STM32CubeIDE_1.17.0\STM32CubeIDE\plugins\com.st.stm32cube.common.mx_6.13.0.202411220809\\db\/plugins/mcufinder/images/
2025-02-25 11:58:22,263 [INFO] ApiDb:250 - Set database path to: C:\Users\alvar\.stmcufinder\plugins\mcufinder//mcu/
2025-02-25 11:58:22,265 [INFO] DbMcusAds:125 - Set database path to: C:\Users\alvar\.stmcufinder\plugins\mcufinder//mcu/
2025-02-25 11:58:22,269 [INFO] CrossReferenceDbSqlite:203 - Set database path to: C:\Users\alvar\.stmcufinder\plugins\mcufinder//mcu/cs/
2025-02-25 11:58:22,470 [INFO] RulesReader:64 - Compatibility file has been processed (297 Rules)
2025-02-25 11:58:22,673 [INFO] DbMcusXml:78 - Set database path to: C:\ST\STM32CubeIDE_1.17.0\STM32CubeIDE\plugins\com.st.stm32cube.common.mx_6.13.0.202411220809\\db\/mcu/
2025-02-25 11:58:22,673 [INFO] ApiDb:274 - Set plugin database path to: C:\ST\STM32CubeIDE_1.17.0\STM32CubeIDE\plugins\com.st.stm32cube.common.mx_6.13.0.202411220809\\db\/plugins/boardmanager/
2025-02-25 11:58:22,673 [INFO] ApiDb:261 - Set plugin images path to: C:\ST\STM32CubeIDE_1.17.0\STM32CubeIDE\plugins\com.st.stm32cube.common.mx_6.13.0.202411220809\\db\/plugins/mcufinder/images/
2025-02-25 11:58:22,673 [WARN] DbFile:41 - Overriding database path with different value: C:\Users\alvar\.stmcufinder\plugins\mcufinder/ => C:\Users\alvar\.stmcufinder\plugins\mcufinder
2025-02-25 11:58:22,674 [INFO] ApiDb:250 - Set database path to: C:\Users\alvar\.stmcufinder\plugins\mcufinder//mcu/
2025-02-25 11:58:22,674 [WARN] DbFile:41 - Overriding database path with different value: C:\Users\alvar\.stmcufinder\plugins\mcufinder/ => C:\Users\alvar\.stmcufinder\plugins\mcufinder
2025-02-25 11:58:22,674 [INFO] DbMcusAds:125 - Set database path to: C:\Users\alvar\.stmcufinder\plugins\mcufinder//mcu/
2025-02-25 11:58:22,674 [WARN] DbFile:41 - Overriding database path with different value: C:\Users\alvar\.stmcufinder\plugins\mcufinder/ => C:\Users\alvar\.stmcufinder\plugins\mcufinder
2025-02-25 11:58:22,674 [WARN] DbFile:41 - Overriding database path with different value: C:\Users\alvar\.stmcufinder\plugins\mcufinder/ => C:\Users\alvar\.stmcufinder\plugins\mcufinder
2025-02-25 11:58:22,674 [INFO] CrossReferenceDbSqlite:203 - Set database path to: C:\Users\alvar\.stmcufinder\plugins\mcufinder//mcu/cs/
2025-02-25 11:58:22,843 [INFO] MainPanel:272 - HeapMemory: 268435456
2025-02-25 11:58:23,064 [INFO] DbMcusXml:78 - Set database path to: C:\ST\STM32CubeIDE_1.17.0\STM32CubeIDE\plugins\com.st.stm32cube.common.mx_6.13.0.202411220809\\db\/mcu/
2025-02-25 11:58:23,064 [INFO] ApiDb:274 - Set plugin database path to: C:\ST\STM32CubeIDE_1.17.0\STM32CubeIDE\plugins\com.st.stm32cube.common.mx_6.13.0.202411220809\\db\/plugins/boardmanager/
2025-02-25 11:58:23,064 [INFO] ApiDb:261 - Set plugin images path to: C:\ST\STM32CubeIDE_1.17.0\STM32CubeIDE\plugins\com.st.stm32cube.common.mx_6.13.0.202411220809\\db\/plugins/mcufinder/images/
2025-02-25 11:58:23,065 [WARN] DbFile:41 - Overriding database path with different value: C:\Users\alvar\.stmcufinder\plugins\mcufinder/ => C:\Users\alvar\.stmcufinder\plugins\mcufinder
2025-02-25 11:58:23,065 [INFO] ApiDb:250 - Set database path to: C:\Users\alvar\.stmcufinder\plugins\mcufinder//mcu/
2025-02-25 11:58:23,065 [WARN] DbFile:41 - Overriding database path with different value: C:\Users\alvar\.stmcufinder\plugins\mcufinder/ => C:\Users\alvar\.stmcufinder\plugins\mcufinder
2025-02-25 11:58:23,066 [INFO] DbMcusAds:125 - Set database path to: C:\Users\alvar\.stmcufinder\plugins\mcufinder//mcu/
2025-02-25 11:58:23,066 [WARN] DbFile:41 - Overriding database path with different value: C:\Users\alvar\.stmcufinder\plugins\mcufinder/ => C:\Users\alvar\.stmcufinder\plugins\mcufinder
2025-02-25 11:58:23,066 [WARN] DbFile:41 - Overriding database path with different value: C:\Users\alvar\.stmcufinder\plugins\mcufinder/ => C:\Users\alvar\.stmcufinder\plugins\mcufinder
2025-02-25 11:58:23,066 [INFO] CrossReferenceDbSqlite:203 - Set database path to: C:\Users\alvar\.stmcufinder\plugins\mcufinder//mcu/cs/
2025-02-25 11:58:23,093 [INFO] ApplicationProperties:184 - Using Application install path: C:\ST\STM32CubeIDE_1.17.0\STM32CubeIDE\plugins\com.st.stm32cube.common.mx_6.13.0.202411220809
2025-02-25 11:58:23,096 [INFO] PluginManage:196 - Search for loadable plugins [exclusion list=, ]
2025-02-25 11:58:23,098 [INFO] PluginManage:310 - Check plugin analytics
2025-02-25 11:58:23,467 [INFO] AnalyticsPlugin:253 - Accepted Software Licenses: 
2025-02-25 11:58:23,467 [INFO] AnalyticsPlugin:255 - Accepted CMSIS Pack Licenses: 
2025-02-25 11:58:23,468 [INFO] AnalyticsPlugin:257 - Accepted Firmware Licenses: 
2025-02-25 11:58:23,475 [INFO] PluginManage:359 - Loaded plugin analytics (category:tool,tabindex:-1)
2025-02-25 11:58:23,475 [INFO] PluginManage:310 - Check plugin cadmodel
2025-02-25 11:58:23,512 [INFO] CADModel:105 - Init CAD model plugin
2025-02-25 11:58:23,512 [INFO] PluginManage:359 - Loaded plugin cadmodel (category:power,tabindex:5)
2025-02-25 11:58:23,513 [INFO] PluginManage:310 - Check plugin clock
2025-02-25 11:58:23,547 [INFO] PluginManage:359 - Loaded plugin clock (category:base,tabindex:2)
2025-02-25 11:58:23,548 [INFO] PluginManage:310 - Check plugin ddr
2025-02-25 11:58:23,552 [INFO] PluginManage:359 - Loaded plugin ddr (category:tool,tabindex:6)
2025-02-25 11:58:23,552 [INFO] PluginManage:310 - Check plugin filemanager
2025-02-25 11:58:23,787 [INFO] PluginManage:359 - Loaded plugin filemanager (category:base,tabindex:10)
2025-02-25 11:58:23,787 [INFO] PluginManage:310 - Check plugin ipmanager
2025-02-25 11:58:23,800 [INFO] PluginManage:359 - Loaded plugin ipmanager (category:base,tabindex:5)
2025-02-25 11:58:23,800 [INFO] PluginManage:310 - Check plugin lpbam
2025-02-25 11:58:23,843 [INFO] PluginManage:359 - Loaded plugin lpbam (category:base,tabindex:0)
2025-02-25 11:58:23,844 [INFO] PluginManage:310 - Check plugin memorymap
2025-02-25 11:58:23,901 [INFO] PluginManage:359 - Loaded plugin memorymap (category:base,tabindex:4)
2025-02-25 11:58:23,901 [INFO] PluginManage:310 - Check plugin pinoutandconfiguration
2025-02-25 11:58:23,932 [INFO] PluginManage:359 - Loaded plugin pinoutandconfiguration (category:base,tabindex:1)
2025-02-25 11:58:23,932 [INFO] PluginManage:310 - Check plugin pinoutconfig
2025-02-25 11:58:24,119 [WARN] SupportedApi:132 - Cannot load RTOS API schema: s4s-elt-must-match.1: The content of 'definitions' must match (annotation?, (simpleType | complexType)?, (unique | key | keyref)*)). A problem was found starting at: attribute.
2025-02-25 11:58:24,377 [INFO] PluginManage:359 - Loaded plugin pinoutconfig (category:base,tabindex:0)
2025-02-25 11:58:24,377 [INFO] PluginManage:310 - Check plugin power
2025-02-25 11:58:24,412 [INFO] PluginManage:359 - Loaded plugin power (category:power,tabindex:4)
2025-02-25 11:58:24,412 [INFO] PluginManage:310 - Check plugin projectmanager
2025-02-25 11:58:24,437 [INFO] PluginManage:359 - Loaded plugin projectmanager (category:projectmanager,tabindex:4)
2025-02-25 11:58:24,437 [INFO] PluginManage:310 - Check plugin rif
2025-02-25 11:58:24,466 [INFO] PluginManage:359 - Loaded plugin rif (category:base,tabindex:3)
2025-02-25 11:58:24,466 [INFO] PluginManage:310 - Check plugin thirdparty
2025-02-25 11:58:24,998 [WARN] IntegrityCheckThread:84 - waiting for thirdparty lock release [integrity check]
2025-02-25 11:58:24,998 [INFO] PluginManage:359 - Loaded plugin thirdparty (category:base,tabindex:-1)
2025-02-25 11:58:24,998 [INFO] IntegrityCheckThread:86 - entering critical section [integrity check]
2025-02-25 11:58:24,998 [INFO] PluginManage:310 - Check plugin tools
2025-02-25 11:58:24,999 [INFO] ThirdPartyUpdaterWithRetryManager:70 - Updater plugin not ready yet. [1/15]
2025-02-25 11:58:25,061 [INFO] PluginManage:359 - Loaded plugin tools (category:base,tabindex:7)
2025-02-25 11:58:25,061 [INFO] PluginManage:310 - Check plugin tutovideos
2025-02-25 11:58:25,389 [INFO] PluginManage:359 - Loaded plugin tutovideos (category:base,tabindex:-1)
2025-02-25 11:58:25,390 [INFO] PluginManage:310 - Check plugin updater
2025-02-25 11:58:25,435 [INFO] PluginManage:359 - Loaded plugin updater (category:base,tabindex:12)
2025-02-25 11:58:25,435 [INFO] PluginManage:310 - Check plugin userauth
2025-02-25 11:58:25,443 [INFO] UserAuth:118 - Init User Auth plugin
2025-02-25 11:58:25,447 [INFO] PluginManage:359 - Loaded plugin userauth (category:base,tabindex:14)
2025-02-25 11:58:25,448 [INFO] PluginManage:283 - PluginManage : Loaded plugins [18]
2025-02-25 11:58:25,881 [INFO] PinOutPanel:1589 - setPackage(No Configuration,No Configuration)
2025-02-25 11:58:26,080 [INFO] CADModel:165 - CPN selected for project level
2025-02-25 11:58:26,080 [INFO] CADModel:114 - Register for checkConnection events
2025-02-25 11:58:26,122 [INFO] IPUIPlugin:80 - create IPUIPlugin
2025-02-25 11:58:26,122 [INFO] PluginManager:220 - loadIPPluginJar : add adc
2025-02-25 11:58:26,185 [INFO] IPUIPlugin:80 - create IPUIPlugin
2025-02-25 11:58:26,185 [INFO] PluginManager:220 - loadIPPluginJar : add aes
2025-02-25 11:58:26,254 [INFO] IPUIPlugin:80 - create IPUIPlugin
2025-02-25 11:58:26,254 [INFO] PluginManager:220 - loadIPPluginJar : add can
2025-02-25 11:58:26,296 [INFO] IPUIPlugin:80 - create IPUIPlugin
2025-02-25 11:58:26,296 [INFO] PluginManager:220 - loadIPPluginJar : add comp
2025-02-25 11:58:26,354 [INFO] IPUIPlugin:80 - create IPUIPlugin
2025-02-25 11:58:26,354 [INFO] PluginManager:220 - loadIPPluginJar : add cryp
2025-02-25 11:58:26,375 [INFO] IPUIPlugin:80 - create IPUIPlugin
2025-02-25 11:58:26,375 [INFO] PluginManager:220 - loadIPPluginJar : add ddr_ctrl_phy
2025-02-25 11:58:26,432 [INFO] IPUIPlugin:80 - create IPUIPlugin
2025-02-25 11:58:26,433 [INFO] PluginManager:220 - loadIPPluginJar : add dfsdm
2025-02-25 11:58:26,457 [INFO] IPUIPlugin:80 - create IPUIPlugin
2025-02-25 11:58:26,458 [INFO] PluginManager:220 - loadIPPluginJar : add dma
2025-02-25 11:58:26,531 [INFO] IPUIPlugin:80 - create IPUIPlugin
2025-02-25 11:58:26,531 [INFO] PluginManager:220 - loadIPPluginJar : add dma3
2025-02-25 11:58:26,619 [INFO] IPUIPlugin:80 - create IPUIPlugin
2025-02-25 11:58:26,619 [INFO] PluginManager:220 - loadIPPluginJar : add extmemmanager
2025-02-25 11:58:26,652 [INFO] IPUIPlugin:80 - create IPUIPlugin
2025-02-25 11:58:26,652 [INFO] PluginManager:220 - loadIPPluginJar : add fatfs
2025-02-25 11:58:26,732 [INFO] IPUIPlugin:80 - create IPUIPlugin
2025-02-25 11:58:26,732 [INFO] PluginManager:220 - loadIPPluginJar : add fmc
2025-02-25 11:58:26,760 [INFO] IPUIPlugin:80 - create IPUIPlugin
2025-02-25 11:58:26,760 [INFO] PluginManager:220 - loadIPPluginJar : add freertos
2025-02-25 11:58:26,804 [INFO] IPUIPlugin:80 - create IPUIPlugin
2025-02-25 11:58:26,804 [INFO] PluginManager:220 - loadIPPluginJar : add genericplugin
2025-02-25 11:58:26,962 [INFO] IPUIPlugin:80 - create IPUIPlugin
2025-02-25 11:58:26,962 [INFO] PluginManager:220 - loadIPPluginJar : add gfxmmu
2025-02-25 11:58:27,176 [INFO] IPUIPlugin:80 - create IPUIPlugin
2025-02-25 11:58:27,177 [INFO] PluginManager:220 - loadIPPluginJar : add gic
2025-02-25 11:58:27,198 [INFO] IPUIPlugin:80 - create IPUIPlugin
2025-02-25 11:58:27,198 [INFO] PluginManager:220 - loadIPPluginJar : add gpio
2025-02-25 11:58:27,339 [INFO] IPUIPlugin:80 - create IPUIPlugin
2025-02-25 11:58:27,339 [INFO] PluginManager:220 - loadIPPluginJar : add gtzc
2025-02-25 11:58:27,391 [INFO] IPUIPlugin:80 - create IPUIPlugin
2025-02-25 11:58:27,391 [INFO] PluginManager:220 - loadIPPluginJar : add hash
2025-02-25 11:58:27,474 [INFO] IPUIPlugin:80 - create IPUIPlugin
2025-02-25 11:58:27,474 [INFO] PluginManager:220 - loadIPPluginJar : add i2c
2025-02-25 11:58:27,535 [INFO] IPUIPlugin:80 - create IPUIPlugin
2025-02-25 11:58:27,535 [INFO] PluginManager:220 - loadIPPluginJar : add i2s
2025-02-25 11:58:27,600 [INFO] IPUIPlugin:80 - create IPUIPlugin
2025-02-25 11:58:27,600 [INFO] PluginManager:220 - loadIPPluginJar : add i3c
2025-02-25 11:58:27,770 [INFO] IPUIPlugin:80 - create IPUIPlugin
2025-02-25 11:58:27,771 [INFO] PluginManager:220 - loadIPPluginJar : add ipddr
2025-02-25 11:58:27,943 [INFO] IPUIPlugin:80 - create IPUIPlugin
2025-02-25 11:58:27,943 [INFO] PluginManager:220 - loadIPPluginJar : add linkedlist
2025-02-25 11:58:28,001 [INFO] ThirdPartyUpdaterWithRetryManager:70 - Updater plugin not ready yet. [2/15]
2025-02-25 11:58:28,022 [INFO] IPUIPlugin:80 - create IPUIPlugin
2025-02-25 11:58:28,022 [INFO] PluginManager:220 - loadIPPluginJar : add lorawan
2025-02-25 11:58:28,086 [INFO] IPUIPlugin:80 - create IPUIPlugin
2025-02-25 11:58:28,086 [INFO] PluginManager:220 - loadIPPluginJar : add ltdc
2025-02-25 11:58:28,110 [INFO] IPUIPlugin:80 - create IPUIPlugin
2025-02-25 11:58:28,110 [INFO] PluginManager:220 - loadIPPluginJar : add mdma
2025-02-25 11:58:28,135 [INFO] IPUIPlugin:80 - create IPUIPlugin
2025-02-25 11:58:28,135 [INFO] PluginManager:220 - loadIPPluginJar : add nvic
2025-02-25 11:58:28,202 [INFO] IPUIPlugin:80 - create IPUIPlugin
2025-02-25 11:58:28,202 [INFO] PluginManager:220 - loadIPPluginJar : add opamp
2025-02-25 11:58:28,314 [INFO] IPUIPlugin:80 - create IPUIPlugin
2025-02-25 11:58:28,314 [INFO] PluginManager:220 - loadIPPluginJar : add openamp
2025-02-25 11:58:28,385 [INFO] IPUIPlugin:80 - create IPUIPlugin
2025-02-25 11:58:28,385 [INFO] PluginManager:220 - loadIPPluginJar : add pdm2pcm
2025-02-25 11:58:28,408 [INFO] IPUIPlugin:80 - create IPUIPlugin
2025-02-25 11:58:28,410 [INFO] PluginManager:220 - loadIPPluginJar : add plateformsettings
2025-02-25 11:58:28,448 [INFO] IPUIPlugin:80 - create IPUIPlugin
2025-02-25 11:58:28,449 [INFO] PluginManager:220 - loadIPPluginJar : add quadspi
2025-02-25 11:58:28,493 [INFO] IPUIPlugin:80 - create IPUIPlugin
2025-02-25 11:58:28,494 [INFO] PluginManager:220 - loadIPPluginJar : add radio
2025-02-25 11:58:28,515 [INFO] IPUIPlugin:80 - create IPUIPlugin
2025-02-25 11:58:28,516 [INFO] PluginManager:220 - loadIPPluginJar : add resmgrutility
2025-02-25 11:58:28,595 [INFO] IPUIPlugin:80 - create IPUIPlugin
2025-02-25 11:58:28,595 [INFO] PluginManager:220 - loadIPPluginJar : add sai
2025-02-25 11:58:28,660 [INFO] IPUIPlugin:80 - create IPUIPlugin
2025-02-25 11:58:28,660 [INFO] PluginManager:220 - loadIPPluginJar : add spi
2025-02-25 11:58:28,766 [INFO] IPUIPlugin:80 - create IPUIPlugin
2025-02-25 11:58:28,766 [INFO] PluginManager:220 - loadIPPluginJar : add stm32_wpan
2025-02-25 11:58:28,808 [INFO] IPUIPlugin:80 - create IPUIPlugin
2025-02-25 11:58:28,808 [INFO] PluginManager:220 - loadIPPluginJar : add tim
2025-02-25 11:58:28,908 [INFO] IPUIPlugin:80 - create IPUIPlugin
2025-02-25 11:58:28,909 [INFO] PluginManager:220 - loadIPPluginJar : add touchsensing
2025-02-25 11:58:28,947 [INFO] IPUIPlugin:80 - create IPUIPlugin
2025-02-25 11:58:28,947 [INFO] PluginManager:220 - loadIPPluginJar : add tracer_emb
2025-02-25 11:58:28,987 [INFO] IPUIPlugin:80 - create IPUIPlugin
2025-02-25 11:58:28,987 [INFO] PluginManager:220 - loadIPPluginJar : add ts
2025-02-25 11:58:29,032 [INFO] IPUIPlugin:80 - create IPUIPlugin
2025-02-25 11:58:29,032 [INFO] PluginManager:220 - loadIPPluginJar : add tsc
2025-02-25 11:58:29,074 [INFO] IPUIPlugin:80 - create IPUIPlugin
2025-02-25 11:58:29,074 [INFO] PluginManager:220 - loadIPPluginJar : add ucpd
2025-02-25 11:58:29,148 [INFO] IPUIPlugin:80 - create IPUIPlugin
2025-02-25 11:58:29,148 [INFO] PluginManager:220 - loadIPPluginJar : add usart
2025-02-25 11:58:29,215 [INFO] IPUIPlugin:80 - create IPUIPlugin
2025-02-25 11:58:29,215 [INFO] PluginManager:220 - loadIPPluginJar : add usbx
2025-02-25 11:58:29,390 [FATAL] Updater:351 - Updater called before beeing initialized
2025-02-25 11:58:29,434 [INFO] RulesReader:64 - Compatibility file has been processed (297 Rules)
2025-02-25 11:58:29,447 [INFO] RulesReader:64 - Compatibility file has been processed (297 Rules)
2025-02-25 11:58:29,468 [INFO] CADModel:165 - CPN selected for project level
2025-02-25 11:58:29,468 [INFO] CADModel:114 - Register for checkConnection events
2025-02-25 11:58:29,468 [FATAL] Updater:351 - Updater called before beeing initialized
2025-02-25 11:58:29,468 [ERROR] CADModel:125 - Updater not yet initialized, retry later 
2025-02-25 11:58:29,788 [FATAL] Updater:351 - Updater called before beeing initialized
2025-02-25 11:58:29,792 [INFO] CADModel:165 - CPN selected for project level
2025-02-25 11:58:29,792 [INFO] CADModel:114 - Register for checkConnection events
2025-02-25 11:58:29,792 [FATAL] Updater:351 - Updater called before beeing initialized
2025-02-25 11:58:29,793 [ERROR] CADModel:125 - Updater not yet initialized, retry later 
2025-02-25 11:58:29,798 [FATAL] Updater:351 - Updater called before beeing initialized
2025-02-25 11:58:30,076 [FATAL] Updater:351 - Updater called before beeing initialized
2025-02-25 11:58:30,091 [INFO] DbMcusAds:53 - JSON generation date=Tue Dec 17 17:01:15 CET 2024 (1734451275111)
2025-02-25 11:58:30,092 [FATAL] Updater:351 - Updater called before beeing initialized
2025-02-25 11:58:30,187 [WARN] DetailPanel:346 - Failed to get advertising image, set to default
2025-02-25 11:58:30,503 [FATAL] Updater:351 - Updater called before beeing initialized
2025-02-25 11:58:30,506 [FATAL] Updater:351 - Updater called before beeing initialized
2025-02-25 11:58:30,506 [FATAL] Updater:351 - Updater called before beeing initialized
2025-02-25 11:58:30,506 [WARN] DetailPanel:346 - Failed to get advertising image, set to default
2025-02-25 11:58:30,507 [FATAL] Updater:351 - Updater called before beeing initialized
2025-02-25 11:58:30,593 [ERROR] Updater:1198 - MainUpdater not yet initialized. External WinMGr cannot be set.
2025-02-25 11:58:30,608 [INFO] Updater:1134 - Updater Version found : 6.13.0
2025-02-25 11:58:30,630 [INFO] ApplicationProperties:184 - Using Application install path: C:\ST\STM32CubeIDE_1.17.0\STM32CubeIDE\plugins\com.st.stm32cube.common.mx_6.13.0.202411220809
2025-02-25 11:58:31,003 [INFO] ThirdPartyUpdaterWithRetryManager:70 - Updater plugin not ready yet. [3/15]
2025-02-25 11:58:32,231 [ERROR] LogOutputStream:75 - [STDERR_REDIRECT] Feb 25, 2025 11:58:32 AM java.util.prefs.WindowsPreferences <init>
2025-02-25 11:58:32,237 [ERROR] LogOutputStream:75 - [STDERR_REDIRECT] WARNING: Could not open/create prefs root node Software\JavaSoft\Prefs at root 0xffffffff80000002. Windows RegCreateKeyEx(...) returned error code 5.
2025-02-25 11:58:32,238 [ERROR] LogOutputStream:75 - [STDERR_REDIRECT] 
2025-02-25 11:58:32,902 [INFO] MainUpdater:2872 - connection check result : 10
2025-02-25 11:58:32,903 [INFO] MainUpdater:289 - Updater Check For Update Now.
2025-02-25 11:58:32,903 [INFO] MicroXplorer:498 - Change Database Version : DB.6.0.130
2025-02-25 11:58:32,952 [INFO] McuFinderGlobals:63 - Set McuFinder mode to 2 (CubeIDE integrated)
2025-02-25 11:58:32,966 [INFO] UserAuth:486 - Internet connection configuration mode: 1
2025-02-25 11:58:33,054 [INFO] JxBrowserEngine:152 - Initiate JxBrowser Engine with user profile folder
2025-02-25 11:58:33,217 [INFO] CheckServerUpdateThread:120 - End of CheckServer Thread
2025-02-25 11:58:34,885 [WARN] PackLoader:240 - Cannot read IP mode file for STMicroelectronics.FP-SNS-MOTENVWB1.1.4.0
2025-02-25 11:58:34,917 [WARN] PackLoader:240 - Cannot read IP mode file for STMicroelectronics.FP-ATR-ASTRA1.2.0.1
2025-02-25 11:58:34,955 [WARN] PackLoader:240 - Cannot read IP mode file for STMicroelectronics.X-CUBE-SMBUS.2.1.0
2025-02-25 11:58:34,979 [WARN] PackLoader:240 - Cannot read IP mode file for STMicroelectronics.X-CUBE-WB05N.1.1.0
2025-02-25 11:58:35,060 [WARN] PackLoader:240 - Cannot read IP mode file for STMicroelectronics.X-CUBE-AZRTOS-F7.1.1.0
2025-02-25 11:58:35,092 [WARN] PackLoader:240 - Cannot read IP mode file for STMicroelectronics.FP-SNS-FLIGHT1.5.0.2
2025-02-25 11:58:35,232 [WARN] PackLoader:240 - Cannot read IP mode file for Infineon.AIROC-Wi-Fi-Bluetooth-STM32.1.7.0
2025-02-25 11:58:35,334 [WARN] PackLoader:240 - Cannot read IP mode file for STMicroelectronics.X-CUBE-DISPLAY.3.0.0
2025-02-25 11:58:35,405 [WARN] PackLoader:240 - Cannot read IP mode file for STMicroelectronics.X-CUBE-BLE1.7.0.0
2025-02-25 11:58:35,453 [WARN] PackLoader:240 - Cannot read IP mode file for STMicroelectronics.X-CUBE-NFC10.1.0.0
2025-02-25 11:58:35,506 [WARN] PackLoader:240 - Cannot read IP mode file for STMicroelectronics.X-CUBE-BLEMGR.4.0.0
2025-02-25 11:58:35,561 [WARN] PackLoader:240 - Cannot read IP mode file for emotas.I-CUBE-CANOPEN.1.3.0
2025-02-25 11:58:35,615 [WARN] PackLoader:240 - Cannot read IP mode file for STMicroelectronics.X-CUBE-AI.10.0.0
2025-02-25 11:58:35,661 [WARN] PackLoader:240 - Cannot read IP mode file for STMicroelectronics.FP-SNS-SMARTAG2.1.2.0
2025-02-25 11:58:35,843 [WARN] PackLoader:240 - Cannot read IP mode file for STMicroelectronics.X-CUBE-MEMS1.11.1.0
2025-02-25 11:58:36,199 [INFO] LogOutputStream:77 - [STDOUT_REDIRECT] 1 : Invalid condition id : UX_CORESTACK_Condition cause : null
2025-02-25 11:58:36,199 [INFO] LogOutputStream:77 - [STDOUT_REDIRECT] 1 : Invalid condition id : UX_CORESTACK_Condition cause : null
2025-02-25 11:58:36,202 [INFO] LogOutputStream:77 - [STDOUT_REDIRECT] 1 : Invalid condition id : UX_CORESTACK_Condition cause : null
2025-02-25 11:58:36,204 [INFO] LogOutputStream:77 - [STDOUT_REDIRECT] 1 : Invalid condition id : UX_CORESTACK_Condition cause : null
2025-02-25 11:58:36,206 [INFO] LogOutputStream:77 - [STDOUT_REDIRECT] 1 : Invalid condition id : UX_CORESTACK_Condition cause : null
2025-02-25 11:58:36,210 [WARN] PackLoader:240 - Cannot read IP mode file for STMicroelectronics.X-CUBE-AZRTOS-WL.2.0.0
2025-02-25 11:58:36,238 [WARN] PackLoader:240 - Cannot read IP mode file for STMicroelectronics.FP-SNS-MOTENV1.5.0.0
2025-02-25 11:58:36,279 [WARN] PackLoader:240 - Cannot read IP mode file for wolfSSL.I-CUBE-wolfMQTT.1.19.0
2025-02-25 11:58:36,325 [WARN] PackLoader:240 - Cannot read IP mode file for WES.I-CUBE-Cesium.1.3.0
2025-02-25 11:58:36,362 [WARN] PackLoader:240 - Cannot read IP mode file for STMicroelectronics.X-CUBE-BLE2.3.3.0
2025-02-25 11:58:36,395 [WARN] PackLoader:240 - Cannot read IP mode file for STMicroelectronics.X-CUBE-NFC9.1.0.0
2025-02-25 11:58:36,481 [WARN] PackLoader:240 - Cannot read IP mode file for STMicroelectronics.X-CUBE-AZRTOS-G0.1.1.0
2025-02-25 11:58:36,550 [WARN] PackLoader:240 - Cannot read IP mode file for STMicroelectronics.X-CUBE-SAFEA1.1.2.2
2025-02-25 11:58:36,591 [WARN] PackLoader:240 - Cannot read IP mode file for STMicroelectronics.X-CUBE-NFC4.3.0.0
2025-02-25 11:58:36,638 [WARN] PackLoader:240 - Cannot read IP mode file for EmbeddedOffice.I-CUBE-FS-RTOS.1.0.1
2025-02-25 11:58:36,682 [WARN] PackLoader:240 - Cannot read IP mode file for STMicroelectronics.X-CUBE-TCPP.4.2.0
2025-02-25 11:58:36,772 [WARN] PackLoader:240 - Cannot read IP mode file for RealThread.X-CUBE-RT-Thread_Nano.4.1.1
2025-02-25 11:58:36,816 [WARN] PackLoader:240 - Cannot read IP mode file for STMicroelectronics.FP-ATR-SIGFOX1.3.2.0
2025-02-25 11:58:36,852 [WARN] ConditionMgr:438 - getConditionDescription Invalid condition id : Cortex-A Device cause : null
2025-02-25 11:58:36,916 [WARN] ConditionMgr:1044 - genDependencies : Invalid condition id : Cortex-A Device cause : null
2025-02-25 11:58:36,918 [WARN] ConditionMgr:1044 - genDependencies : Invalid condition id : Cortex-A Device cause : null
2025-02-25 11:58:36,918 [WARN] ConditionMgr:1044 - genDependencies : Invalid condition id : Cortex-A Device cause : null
2025-02-25 11:58:36,950 [WARN] PackLoader:240 - Cannot read IP mode file for STMicroelectronics.X-CUBE-EEPRMA1.5.1.0
2025-02-25 11:58:36,983 [WARN] PackLoader:240 - Cannot read IP mode file for wolfSSL.I-CUBE-wolfSSL.5.7.6
2025-02-25 11:58:37,017 [WARN] PackLoader:240 - Cannot read IP mode file for ITTIA_DB.I-CUBE-ITTIADB.8.9.0
2025-02-25 11:58:37,045 [INFO] WebApp:168 - Instantiating new browser for Auth
2025-02-25 11:58:37,117 [WARN] PackLoader:240 - Cannot read IP mode file for SEGGER.I-CUBE-embOS.1.3.1
2025-02-25 11:58:37,270 [WARN] PackLoader:240 - Cannot read IP mode file for STMicroelectronics.X-CUBE-ALGOBUILD.1.4.0
2025-02-25 11:58:37,399 [WARN] PackLoader:240 - Cannot read IP mode file for STMicroelectronics.X-CUBE-AZRTOS-F4.1.1.0
2025-02-25 11:58:37,474 [WARN] PackLoader:240 - Cannot read IP mode file for STMicroelectronics.X-CUBE-ISPU.2.1.0
2025-02-25 11:58:37,575 [WARN] PackLoader:240 - Cannot read IP mode file for STMicroelectronics.X-CUBE-AZRTOS-L5.2.0.0
2025-02-25 11:58:37,628 [WARN] PackLoader:240 - Cannot read IP mode file for STMicroelectronics.X-CUBE-NFC6.3.1.0
2025-02-25 11:58:37,667 [WARN] PackLoader:240 - Cannot read IP mode file for STMicroelectronics.X-CUBE-DPower.1.2.0
2025-02-25 11:58:37,707 [WARN] PackLoader:240 - Cannot read IP mode file for STMicroelectronics.X-CUBE-FREERTOS.1.3.0
2025-02-25 11:58:37,751 [WARN] PackLoader:240 - Cannot read IP mode file for STMicroelectronics.X-CUBE-NFC7.1.0.1
2025-02-25 11:58:37,818 [WARN] ConditionMgr:438 - getConditionDescription Invalid condition id : LAN8742 Phy interface Condition cause : null
2025-02-25 11:58:37,820 [WARN] PackLoader:240 - Cannot read IP mode file for STMicroelectronics.X-CUBE-AZRTOS-L4.2.0.0
2025-02-25 11:58:37,821 [WARN] ConditionMgr:1044 - genDependencies : Invalid condition id : LAN8742 Phy interface Condition cause : null
2025-02-25 11:58:37,822 [WARN] ConditionMgr:1044 - genDependencies : Invalid condition id : LAN8742 Phy interface Condition cause : null
2025-02-25 11:58:37,824 [WARN] ConditionMgr:1044 - genDependencies : Invalid condition id : LAN8742 Phy interface Condition cause : null
2025-02-25 11:58:37,867 [WARN] PackLoader:240 - Cannot read IP mode file for STMicroelectronics.X-CUBE-SFXS2LP1.4.0.0
2025-02-25 11:58:37,944 [WARN] PackLoader:240 - Cannot read IP mode file for STMicroelectronics.X-CUBE-AZRTOS-H7.3.3.0
2025-02-25 11:58:38,001 [WARN] ConditionMgr:438 - getConditionDescription Invalid condition id : UX DEVICE CLASS RTOS Condition cause : null
2025-02-25 11:58:38,002 [WARN] ConditionMgr:438 - getConditionDescription Invalid condition id : UX DEVICE CLASS RTOS Condition cause : null
2025-02-25 11:58:38,004 [WARN] PackLoader:240 - Cannot read IP mode file for STMicroelectronics.X-CUBE-AZRTOS-WB.2.0.0
2025-02-25 11:58:38,006 [WARN] ConditionMgr:1044 - genDependencies : Invalid condition id : UX DEVICE CLASS RTOS Condition cause : null
2025-02-25 11:58:38,006 [WARN] ConditionMgr:1044 - genDependencies : Invalid condition id : UX DEVICE CLASS RTOS Condition cause : null
2025-02-25 11:58:38,008 [WARN] ConditionMgr:1044 - genDependencies : Invalid condition id : UX DEVICE CLASS RTOS Condition cause : null
2025-02-25 11:58:38,008 [WARN] ConditionMgr:1044 - genDependencies : Invalid condition id : UX DEVICE CLASS RTOS Condition cause : null
2025-02-25 11:58:38,008 [WARN] ConditionMgr:1044 - genDependencies : Invalid condition id : UX DEVICE CLASS RTOS Condition cause : null
2025-02-25 11:58:38,041 [WARN] PackLoader:240 - Cannot read IP mode file for STMicroelectronics.X-CUBE-GNSS1.7.0.1
2025-02-25 11:58:38,078 [WARN] PackLoader:240 - Cannot read IP mode file for STMicroelectronics.FP-SNS-STBOX1.2.0.0
2025-02-25 11:58:38,112 [WARN] PackLoader:240 - Cannot read IP mode file for STMicroelectronics.X-CUBE-SUBG2.5.0.0
2025-02-25 11:58:38,139 [WARN] PackLoader:240 - Cannot read IP mode file for Cesanta.I-CUBE-Mongoose.7.13.0
2025-02-25 11:58:38,181 [WARN] PackLoader:240 - Cannot read IP mode file for STMicroelectronics.X-CUBE-AZRTOS-G4.2.0.0
2025-02-25 11:58:38,214 [WARN] PackLoader:240 - Cannot read IP mode file for STMicroelectronics.X-CUBE-IPS.3.1.0
2025-02-25 11:58:38,241 [WARN] PackLoader:240 - Cannot read IP mode file for STMicroelectronics.X-CUBE-ALS.1.0.2
2025-02-25 11:58:38,288 [WARN] PackLoader:240 - Cannot read IP mode file for STMicroelectronics.X-CUBE-TOUCHGFX.4.24.2
2025-02-25 11:58:38,319 [WARN] PackLoader:240 - Cannot read IP mode file for wolfSSL.I-CUBE-wolfTPM.3.4.0
2025-02-25 11:58:38,355 [WARN] PackLoader:240 - Cannot read IP mode file for portGmbH.I-Cube-SoM-uGOAL.1.1.0
2025-02-25 11:58:38,413 [WARN] PackLoader:240 - Cannot read IP mode file for STMicroelectronics.X-CUBE-AZRTOS-H7RS.1.0.0
2025-02-25 11:58:38,467 [WARN] PackLoader:240 - Cannot read IP mode file for STMicroelectronics.X-CUBE-TOF1.3.4.2
2025-02-25 11:58:38,508 [WARN] PackLoader:240 - Cannot read IP mode file for wolfSSL.I-CUBE-wolfSSH.1.4.17
2025-02-25 11:58:38,509 [INFO] ThirdParty:978 - Integrity check success = true
2025-02-25 11:58:38,509 [INFO] IntegrityCheckThread:100 - exiting critical section [integrity check]
2025-02-25 11:58:38,509 [INFO] IntegrityCheckThread:103 - End integrity checks thread
2025-02-25 11:58:39,404 [INFO] WebApp:449 - Apply proxy settings
2025-02-25 11:58:39,406 [INFO] WebApp:534 - Chromium requires no authentication
2025-02-25 11:58:39,509 [INFO] WebApp:477 - Direct internet connection detected
2025-02-25 11:58:39,687 [INFO] WebApp:880 - Register for checkConnection events
2025-02-25 11:58:39,687 [INFO] WebApp:449 - Apply proxy settings
2025-02-25 11:58:39,688 [INFO] WebApp:534 - Chromium requires no authentication
2025-02-25 11:58:39,689 [INFO] WebApp:477 - Direct internet connection detected
2025-02-25 11:58:40,200 [INFO] WebApp:187 - Connection restablished
2025-02-25 11:58:40,690 [INFO] WebApp:221 - Starting web application
2025-02-25 11:58:40,690 [INFO] WebApp:579 - Web application path used C:\ST\STM32CubeIDE_1.17.0\STM32CubeIDE\plugins\com.st.stm32cube.common.mx_6.13.0.202411220809\db\plugins\mcufinder\reactClient1\index.html
2025-02-25 11:58:41,113 [INFO] UserAuth:486 - Internet connection configuration mode: 1
