2025-02-09 13:14:58,100 [INFO] Activator:176 - 


2025-02-09 13:14:58,117 [INFO] Activator:177 - !SESSION log4j initialized
2025-02-09 13:15:07,881 [INFO] LogOutputStream:77 - [STDOUT_REDIRECT] 
2025-02-09 13:15:09,895 [INFO] ApplicationProperties:184 - Using Application install path: C:\ST\STM32CubeIDE_1.17.0\STM32CubeIDE\plugins\com.st.stm32cube.common.mx_6.13.0.202411220809
2025-02-09 13:15:09,922 [INFO] DbMcusXml:78 - Set database path to: C:\ST\STM32CubeIDE_1.17.0\STM32CubeIDE\plugins\com.st.stm32cube.common.mx_6.13.0.202411220809\\db\/mcu/
2025-02-09 13:15:09,922 [INFO] ApiDb:274 - Set plugin database path to: C:\ST\STM32CubeIDE_1.17.0\STM32CubeIDE\plugins\com.st.stm32cube.common.mx_6.13.0.202411220809\\db\/plugins/boardmanager/
2025-02-09 13:15:09,923 [WARN] ApiDb:259 - Overriding images path with different value:  => C:\ST\STM32CubeIDE_1.17.0\STM32CubeIDE\plugins\com.st.stm32cube.common.mx_6.13.0.202411220809\\db\/plugins/mcufinder/images/
2025-02-09 13:15:09,949 [INFO] ApiDb:250 - Set database path to: C:\Users\alvar\.stmcufinder\plugins\mcufinder//mcu/
2025-02-09 13:15:09,950 [INFO] DbMcusAds:125 - Set database path to: C:\Users\alvar\.stmcufinder\plugins\mcufinder//mcu/
2025-02-09 13:15:09,960 [INFO] CrossReferenceDbSqlite:203 - Set database path to: C:\Users\alvar\.stmcufinder\plugins\mcufinder//mcu/cs/
2025-02-09 13:15:10,143 [INFO] RulesReader:64 - Compatibility file has been processed (297 Rules)
2025-02-09 13:15:10,340 [INFO] DbMcusXml:78 - Set database path to: C:\ST\STM32CubeIDE_1.17.0\STM32CubeIDE\plugins\com.st.stm32cube.common.mx_6.13.0.202411220809\\db\/mcu/
2025-02-09 13:15:10,340 [INFO] ApiDb:274 - Set plugin database path to: C:\ST\STM32CubeIDE_1.17.0\STM32CubeIDE\plugins\com.st.stm32cube.common.mx_6.13.0.202411220809\\db\/plugins/boardmanager/
2025-02-09 13:15:10,340 [INFO] ApiDb:261 - Set plugin images path to: C:\ST\STM32CubeIDE_1.17.0\STM32CubeIDE\plugins\com.st.stm32cube.common.mx_6.13.0.202411220809\\db\/plugins/mcufinder/images/
2025-02-09 13:15:10,340 [WARN] DbFile:41 - Overriding database path with different value: C:\Users\alvar\.stmcufinder\plugins\mcufinder/ => C:\Users\alvar\.stmcufinder\plugins\mcufinder
2025-02-09 13:15:10,340 [INFO] ApiDb:250 - Set database path to: C:\Users\alvar\.stmcufinder\plugins\mcufinder//mcu/
2025-02-09 13:15:10,341 [WARN] DbFile:41 - Overriding database path with different value: C:\Users\alvar\.stmcufinder\plugins\mcufinder/ => C:\Users\alvar\.stmcufinder\plugins\mcufinder
2025-02-09 13:15:10,341 [INFO] DbMcusAds:125 - Set database path to: C:\Users\alvar\.stmcufinder\plugins\mcufinder//mcu/
2025-02-09 13:15:10,341 [WARN] DbFile:41 - Overriding database path with different value: C:\Users\alvar\.stmcufinder\plugins\mcufinder/ => C:\Users\alvar\.stmcufinder\plugins\mcufinder
2025-02-09 13:15:10,341 [WARN] DbFile:41 - Overriding database path with different value: C:\Users\alvar\.stmcufinder\plugins\mcufinder/ => C:\Users\alvar\.stmcufinder\plugins\mcufinder
2025-02-09 13:15:10,341 [INFO] CrossReferenceDbSqlite:203 - Set database path to: C:\Users\alvar\.stmcufinder\plugins\mcufinder//mcu/cs/
2025-02-09 13:15:10,498 [INFO] MainPanel:272 - HeapMemory: 268435456
2025-02-09 13:15:10,680 [INFO] DbMcusXml:78 - Set database path to: C:\ST\STM32CubeIDE_1.17.0\STM32CubeIDE\plugins\com.st.stm32cube.common.mx_6.13.0.202411220809\\db\/mcu/
2025-02-09 13:15:10,680 [INFO] ApiDb:274 - Set plugin database path to: C:\ST\STM32CubeIDE_1.17.0\STM32CubeIDE\plugins\com.st.stm32cube.common.mx_6.13.0.202411220809\\db\/plugins/boardmanager/
2025-02-09 13:15:10,680 [INFO] ApiDb:261 - Set plugin images path to: C:\ST\STM32CubeIDE_1.17.0\STM32CubeIDE\plugins\com.st.stm32cube.common.mx_6.13.0.202411220809\\db\/plugins/mcufinder/images/
2025-02-09 13:15:10,681 [WARN] DbFile:41 - Overriding database path with different value: C:\Users\alvar\.stmcufinder\plugins\mcufinder/ => C:\Users\alvar\.stmcufinder\plugins\mcufinder
2025-02-09 13:15:10,681 [INFO] ApiDb:250 - Set database path to: C:\Users\alvar\.stmcufinder\plugins\mcufinder//mcu/
2025-02-09 13:15:10,681 [WARN] DbFile:41 - Overriding database path with different value: C:\Users\alvar\.stmcufinder\plugins\mcufinder/ => C:\Users\alvar\.stmcufinder\plugins\mcufinder
2025-02-09 13:15:10,681 [INFO] DbMcusAds:125 - Set database path to: C:\Users\alvar\.stmcufinder\plugins\mcufinder//mcu/
2025-02-09 13:15:10,681 [WARN] DbFile:41 - Overriding database path with different value: C:\Users\alvar\.stmcufinder\plugins\mcufinder/ => C:\Users\alvar\.stmcufinder\plugins\mcufinder
2025-02-09 13:15:10,681 [WARN] DbFile:41 - Overriding database path with different value: C:\Users\alvar\.stmcufinder\plugins\mcufinder/ => C:\Users\alvar\.stmcufinder\plugins\mcufinder
2025-02-09 13:15:10,681 [INFO] CrossReferenceDbSqlite:203 - Set database path to: C:\Users\alvar\.stmcufinder\plugins\mcufinder//mcu/cs/
2025-02-09 13:15:10,709 [INFO] ApplicationProperties:184 - Using Application install path: C:\ST\STM32CubeIDE_1.17.0\STM32CubeIDE\plugins\com.st.stm32cube.common.mx_6.13.0.202411220809
2025-02-09 13:15:10,713 [INFO] PluginManage:196 - Search for loadable plugins [exclusion list=, ]
2025-02-09 13:15:10,715 [INFO] PluginManage:310 - Check plugin analytics
2025-02-09 13:15:11,166 [INFO] AnalyticsPlugin:253 - Accepted Software Licenses: 
2025-02-09 13:15:11,167 [INFO] AnalyticsPlugin:255 - Accepted CMSIS Pack Licenses: 
2025-02-09 13:15:11,167 [INFO] AnalyticsPlugin:257 - Accepted Firmware Licenses: 
2025-02-09 13:15:11,173 [INFO] PluginManage:359 - Loaded plugin analytics (category:tool,tabindex:-1)
2025-02-09 13:15:11,174 [INFO] PluginManage:310 - Check plugin cadmodel
2025-02-09 13:15:11,184 [INFO] CADModel:105 - Init CAD model plugin
2025-02-09 13:15:11,185 [INFO] PluginManage:359 - Loaded plugin cadmodel (category:power,tabindex:5)
2025-02-09 13:15:11,185 [INFO] PluginManage:310 - Check plugin clock
2025-02-09 13:15:11,206 [INFO] PluginManage:359 - Loaded plugin clock (category:base,tabindex:2)
2025-02-09 13:15:11,207 [INFO] PluginManage:310 - Check plugin ddr
2025-02-09 13:15:11,216 [INFO] PluginManage:359 - Loaded plugin ddr (category:tool,tabindex:6)
2025-02-09 13:15:11,216 [INFO] PluginManage:310 - Check plugin filemanager
2025-02-09 13:15:11,530 [INFO] PluginManage:359 - Loaded plugin filemanager (category:base,tabindex:10)
2025-02-09 13:15:11,530 [INFO] PluginManage:310 - Check plugin ipmanager
2025-02-09 13:15:11,545 [INFO] PluginManage:359 - Loaded plugin ipmanager (category:base,tabindex:5)
2025-02-09 13:15:11,545 [INFO] PluginManage:310 - Check plugin lpbam
2025-02-09 13:15:11,557 [INFO] PluginManage:359 - Loaded plugin lpbam (category:base,tabindex:0)
2025-02-09 13:15:11,557 [INFO] PluginManage:310 - Check plugin memorymap
2025-02-09 13:15:11,581 [INFO] PluginManage:359 - Loaded plugin memorymap (category:base,tabindex:4)
2025-02-09 13:15:11,581 [INFO] PluginManage:310 - Check plugin pinoutandconfiguration
2025-02-09 13:15:11,596 [INFO] PluginManage:359 - Loaded plugin pinoutandconfiguration (category:base,tabindex:1)
2025-02-09 13:15:11,596 [INFO] PluginManage:310 - Check plugin pinoutconfig
2025-02-09 13:15:11,740 [WARN] SupportedApi:132 - Cannot load RTOS API schema: s4s-elt-must-match.1: The content of 'definitions' must match (annotation?, (simpleType | complexType)?, (unique | key | keyref)*)). A problem was found starting at: attribute.
2025-02-09 13:15:12,006 [INFO] PluginManage:359 - Loaded plugin pinoutconfig (category:base,tabindex:0)
2025-02-09 13:15:12,007 [INFO] PluginManage:310 - Check plugin power
2025-02-09 13:15:12,030 [INFO] PluginManage:359 - Loaded plugin power (category:power,tabindex:4)
2025-02-09 13:15:12,030 [INFO] PluginManage:310 - Check plugin projectmanager
2025-02-09 13:15:12,067 [INFO] PluginManage:359 - Loaded plugin projectmanager (category:projectmanager,tabindex:4)
2025-02-09 13:15:12,067 [INFO] PluginManage:310 - Check plugin rif
2025-02-09 13:15:12,092 [INFO] PluginManage:359 - Loaded plugin rif (category:base,tabindex:3)
2025-02-09 13:15:12,092 [INFO] PluginManage:310 - Check plugin thirdparty
2025-02-09 13:15:12,400 [WARN] IntegrityCheckThread:84 - waiting for thirdparty lock release [integrity check]
2025-02-09 13:15:12,400 [INFO] IntegrityCheckThread:86 - entering critical section [integrity check]
2025-02-09 13:15:12,401 [INFO] PluginManage:359 - Loaded plugin thirdparty (category:base,tabindex:-1)
2025-02-09 13:15:12,401 [INFO] PluginManage:310 - Check plugin tools
2025-02-09 13:15:12,401 [INFO] ThirdPartyUpdaterWithRetryManager:70 - Updater plugin not ready yet. [1/15]
2025-02-09 13:15:12,410 [INFO] PluginManage:359 - Loaded plugin tools (category:base,tabindex:7)
2025-02-09 13:15:12,410 [INFO] PluginManage:310 - Check plugin tutovideos
2025-02-09 13:15:12,767 [INFO] PluginManage:359 - Loaded plugin tutovideos (category:base,tabindex:-1)
2025-02-09 13:15:12,768 [INFO] PluginManage:310 - Check plugin updater
2025-02-09 13:15:12,798 [INFO] PluginManage:359 - Loaded plugin updater (category:base,tabindex:12)
2025-02-09 13:15:12,798 [INFO] PluginManage:310 - Check plugin userauth
2025-02-09 13:15:12,805 [INFO] UserAuth:118 - Init User Auth plugin
2025-02-09 13:15:12,806 [INFO] PluginManage:359 - Loaded plugin userauth (category:base,tabindex:14)
2025-02-09 13:15:12,807 [INFO] PluginManage:283 - PluginManage : Loaded plugins [18]
2025-02-09 13:15:13,253 [INFO] PinOutPanel:1589 - setPackage(No Configuration,No Configuration)
2025-02-09 13:15:13,432 [INFO] CADModel:165 - CPN selected for project level
2025-02-09 13:15:13,433 [INFO] CADModel:114 - Register for checkConnection events
2025-02-09 13:15:13,460 [INFO] IPUIPlugin:80 - create IPUIPlugin
2025-02-09 13:15:13,461 [INFO] PluginManager:220 - loadIPPluginJar : add adc
2025-02-09 13:15:13,466 [INFO] IPUIPlugin:80 - create IPUIPlugin
2025-02-09 13:15:13,466 [INFO] PluginManager:220 - loadIPPluginJar : add aes
2025-02-09 13:15:13,472 [INFO] IPUIPlugin:80 - create IPUIPlugin
2025-02-09 13:15:13,472 [INFO] PluginManager:220 - loadIPPluginJar : add can
2025-02-09 13:15:13,475 [INFO] IPUIPlugin:80 - create IPUIPlugin
2025-02-09 13:15:13,475 [INFO] PluginManager:220 - loadIPPluginJar : add comp
2025-02-09 13:15:13,479 [INFO] IPUIPlugin:80 - create IPUIPlugin
2025-02-09 13:15:13,479 [INFO] PluginManager:220 - loadIPPluginJar : add cryp
2025-02-09 13:15:13,486 [INFO] IPUIPlugin:80 - create IPUIPlugin
2025-02-09 13:15:13,487 [INFO] PluginManager:220 - loadIPPluginJar : add ddr_ctrl_phy
2025-02-09 13:15:13,491 [INFO] IPUIPlugin:80 - create IPUIPlugin
2025-02-09 13:15:13,491 [INFO] PluginManager:220 - loadIPPluginJar : add dfsdm
2025-02-09 13:15:13,500 [INFO] IPUIPlugin:80 - create IPUIPlugin
2025-02-09 13:15:13,501 [INFO] PluginManager:220 - loadIPPluginJar : add dma
2025-02-09 13:15:13,506 [INFO] IPUIPlugin:80 - create IPUIPlugin
2025-02-09 13:15:13,506 [INFO] PluginManager:220 - loadIPPluginJar : add dma3
2025-02-09 13:15:13,511 [INFO] IPUIPlugin:80 - create IPUIPlugin
2025-02-09 13:15:13,511 [INFO] PluginManager:220 - loadIPPluginJar : add extmemmanager
2025-02-09 13:15:13,517 [INFO] IPUIPlugin:80 - create IPUIPlugin
2025-02-09 13:15:13,517 [INFO] PluginManager:220 - loadIPPluginJar : add fatfs
2025-02-09 13:15:13,527 [INFO] IPUIPlugin:80 - create IPUIPlugin
2025-02-09 13:15:13,527 [INFO] PluginManager:220 - loadIPPluginJar : add fmc
2025-02-09 13:15:13,554 [INFO] IPUIPlugin:80 - create IPUIPlugin
2025-02-09 13:15:13,554 [INFO] PluginManager:220 - loadIPPluginJar : add freertos
2025-02-09 13:15:13,558 [INFO] IPUIPlugin:80 - create IPUIPlugin
2025-02-09 13:15:13,558 [INFO] PluginManager:220 - loadIPPluginJar : add genericplugin
2025-02-09 13:15:13,561 [INFO] IPUIPlugin:80 - create IPUIPlugin
2025-02-09 13:15:13,561 [INFO] PluginManager:220 - loadIPPluginJar : add gfxmmu
2025-02-09 13:15:13,572 [INFO] IPUIPlugin:80 - create IPUIPlugin
2025-02-09 13:15:13,572 [INFO] PluginManager:220 - loadIPPluginJar : add gic
2025-02-09 13:15:13,579 [INFO] IPUIPlugin:80 - create IPUIPlugin
2025-02-09 13:15:13,579 [INFO] PluginManager:220 - loadIPPluginJar : add gpio
2025-02-09 13:15:13,583 [INFO] IPUIPlugin:80 - create IPUIPlugin
2025-02-09 13:15:13,583 [INFO] PluginManager:220 - loadIPPluginJar : add gtzc
2025-02-09 13:15:13,588 [INFO] IPUIPlugin:80 - create IPUIPlugin
2025-02-09 13:15:13,589 [INFO] PluginManager:220 - loadIPPluginJar : add hash
2025-02-09 13:15:13,592 [INFO] IPUIPlugin:80 - create IPUIPlugin
2025-02-09 13:15:13,593 [INFO] PluginManager:220 - loadIPPluginJar : add i2c
2025-02-09 13:15:13,597 [INFO] IPUIPlugin:80 - create IPUIPlugin
2025-02-09 13:15:13,597 [INFO] PluginManager:220 - loadIPPluginJar : add i2s
2025-02-09 13:15:13,605 [INFO] IPUIPlugin:80 - create IPUIPlugin
2025-02-09 13:15:13,605 [INFO] PluginManager:220 - loadIPPluginJar : add i3c
2025-02-09 13:15:13,611 [INFO] IPUIPlugin:80 - create IPUIPlugin
2025-02-09 13:15:13,612 [INFO] PluginManager:220 - loadIPPluginJar : add ipddr
2025-02-09 13:15:13,622 [INFO] IPUIPlugin:80 - create IPUIPlugin
2025-02-09 13:15:13,623 [INFO] PluginManager:220 - loadIPPluginJar : add linkedlist
2025-02-09 13:15:13,627 [INFO] IPUIPlugin:80 - create IPUIPlugin
2025-02-09 13:15:13,627 [INFO] PluginManager:220 - loadIPPluginJar : add lorawan
2025-02-09 13:15:13,630 [INFO] IPUIPlugin:80 - create IPUIPlugin
2025-02-09 13:15:13,630 [INFO] PluginManager:220 - loadIPPluginJar : add ltdc
2025-02-09 13:15:13,643 [INFO] IPUIPlugin:80 - create IPUIPlugin
2025-02-09 13:15:13,643 [INFO] PluginManager:220 - loadIPPluginJar : add mdma
2025-02-09 13:15:13,653 [INFO] IPUIPlugin:80 - create IPUIPlugin
2025-02-09 13:15:13,654 [INFO] PluginManager:220 - loadIPPluginJar : add nvic
2025-02-09 13:15:13,659 [INFO] IPUIPlugin:80 - create IPUIPlugin
2025-02-09 13:15:13,659 [INFO] PluginManager:220 - loadIPPluginJar : add opamp
2025-02-09 13:15:13,664 [INFO] IPUIPlugin:80 - create IPUIPlugin
2025-02-09 13:15:13,664 [INFO] PluginManager:220 - loadIPPluginJar : add openamp
2025-02-09 13:15:13,673 [INFO] IPUIPlugin:80 - create IPUIPlugin
2025-02-09 13:15:13,673 [INFO] PluginManager:220 - loadIPPluginJar : add pdm2pcm
2025-02-09 13:15:13,681 [INFO] IPUIPlugin:80 - create IPUIPlugin
2025-02-09 13:15:13,685 [INFO] PluginManager:220 - loadIPPluginJar : add plateformsettings
2025-02-09 13:15:13,687 [INFO] IPUIPlugin:80 - create IPUIPlugin
2025-02-09 13:15:13,687 [INFO] PluginManager:220 - loadIPPluginJar : add quadspi
2025-02-09 13:15:13,694 [INFO] IPUIPlugin:80 - create IPUIPlugin
2025-02-09 13:15:13,694 [INFO] PluginManager:220 - loadIPPluginJar : add radio
2025-02-09 13:15:13,700 [INFO] IPUIPlugin:80 - create IPUIPlugin
2025-02-09 13:15:13,700 [INFO] PluginManager:220 - loadIPPluginJar : add resmgrutility
2025-02-09 13:15:13,704 [INFO] IPUIPlugin:80 - create IPUIPlugin
2025-02-09 13:15:13,704 [INFO] PluginManager:220 - loadIPPluginJar : add sai
2025-02-09 13:15:13,708 [INFO] IPUIPlugin:80 - create IPUIPlugin
2025-02-09 13:15:13,709 [INFO] PluginManager:220 - loadIPPluginJar : add spi
2025-02-09 13:15:13,717 [INFO] IPUIPlugin:80 - create IPUIPlugin
2025-02-09 13:15:13,717 [INFO] PluginManager:220 - loadIPPluginJar : add stm32_wpan
2025-02-09 13:15:13,722 [INFO] IPUIPlugin:80 - create IPUIPlugin
2025-02-09 13:15:13,722 [INFO] PluginManager:220 - loadIPPluginJar : add tim
2025-02-09 13:15:13,732 [INFO] IPUIPlugin:80 - create IPUIPlugin
2025-02-09 13:15:13,732 [INFO] PluginManager:220 - loadIPPluginJar : add touchsensing
2025-02-09 13:15:13,738 [INFO] IPUIPlugin:80 - create IPUIPlugin
2025-02-09 13:15:13,738 [INFO] PluginManager:220 - loadIPPluginJar : add tracer_emb
2025-02-09 13:15:13,748 [INFO] IPUIPlugin:80 - create IPUIPlugin
2025-02-09 13:15:13,749 [INFO] PluginManager:220 - loadIPPluginJar : add ts
2025-02-09 13:15:13,758 [INFO] IPUIPlugin:80 - create IPUIPlugin
2025-02-09 13:15:13,759 [INFO] PluginManager:220 - loadIPPluginJar : add tsc
2025-02-09 13:15:13,768 [INFO] IPUIPlugin:80 - create IPUIPlugin
2025-02-09 13:15:13,768 [INFO] PluginManager:220 - loadIPPluginJar : add ucpd
2025-02-09 13:15:13,777 [INFO] IPUIPlugin:80 - create IPUIPlugin
2025-02-09 13:15:13,777 [INFO] PluginManager:220 - loadIPPluginJar : add usart
2025-02-09 13:15:13,785 [INFO] IPUIPlugin:80 - create IPUIPlugin
2025-02-09 13:15:13,785 [INFO] PluginManager:220 - loadIPPluginJar : add usbx
2025-02-09 13:15:14,003 [FATAL] Updater:351 - Updater called before beeing initialized
2025-02-09 13:15:14,105 [INFO] RulesReader:64 - Compatibility file has been processed (297 Rules)
2025-02-09 13:15:14,131 [INFO] RulesReader:64 - Compatibility file has been processed (297 Rules)
2025-02-09 13:15:14,168 [INFO] CADModel:165 - CPN selected for project level
2025-02-09 13:15:14,168 [INFO] CADModel:114 - Register for checkConnection events
2025-02-09 13:15:14,168 [FATAL] Updater:351 - Updater called before beeing initialized
2025-02-09 13:15:14,168 [ERROR] CADModel:125 - Updater not yet initialized, retry later 
2025-02-09 13:15:14,774 [FATAL] Updater:351 - Updater called before beeing initialized
2025-02-09 13:15:14,782 [INFO] CADModel:165 - CPN selected for project level
2025-02-09 13:15:14,783 [INFO] CADModel:114 - Register for checkConnection events
2025-02-09 13:15:14,783 [FATAL] Updater:351 - Updater called before beeing initialized
2025-02-09 13:15:14,783 [ERROR] CADModel:125 - Updater not yet initialized, retry later 
2025-02-09 13:15:14,819 [FATAL] Updater:351 - Updater called before beeing initialized
2025-02-09 13:15:15,166 [FATAL] Updater:351 - Updater called before beeing initialized
2025-02-09 13:15:15,175 [INFO] DbMcusAds:53 - JSON generation date=Tue Dec 17 17:01:15 CET 2024 (1734451275111)
2025-02-09 13:15:15,175 [FATAL] Updater:351 - Updater called before beeing initialized
2025-02-09 13:15:15,300 [WARN] DetailPanel:346 - Failed to get advertising image, set to default
2025-02-09 13:15:15,403 [INFO] ThirdPartyUpdaterWithRetryManager:70 - Updater plugin not ready yet. [2/15]
2025-02-09 13:15:15,667 [FATAL] Updater:351 - Updater called before beeing initialized
2025-02-09 13:15:15,671 [FATAL] Updater:351 - Updater called before beeing initialized
2025-02-09 13:15:15,671 [FATAL] Updater:351 - Updater called before beeing initialized
2025-02-09 13:15:15,671 [WARN] DetailPanel:346 - Failed to get advertising image, set to default
2025-02-09 13:15:15,672 [FATAL] Updater:351 - Updater called before beeing initialized
2025-02-09 13:15:15,751 [ERROR] Updater:1198 - MainUpdater not yet initialized. External WinMGr cannot be set.
2025-02-09 13:15:15,754 [INFO] Updater:1134 - Updater Version found : 6.13.0
2025-02-09 13:15:15,791 [INFO] ApplicationProperties:184 - Using Application install path: C:\ST\STM32CubeIDE_1.17.0\STM32CubeIDE\plugins\com.st.stm32cube.common.mx_6.13.0.202411220809
2025-02-09 13:15:17,403 [ERROR] LogOutputStream:75 - [STDERR_REDIRECT] Feb 09, 2025 1:15:17 PM java.util.prefs.WindowsPreferences <init>
2025-02-09 13:15:17,409 [ERROR] LogOutputStream:75 - [STDERR_REDIRECT] WARNING: Could not open/create prefs root node Software\JavaSoft\Prefs at root 0xffffffff80000002. Windows RegCreateKeyEx(...) returned error code 5.
2025-02-09 13:15:17,410 [ERROR] LogOutputStream:75 - [STDERR_REDIRECT] 
2025-02-09 13:15:18,257 [INFO] MainUpdater:2872 - connection check result : 10
2025-02-09 13:15:18,258 [INFO] MainUpdater:289 - Updater Check For Update Now.
2025-02-09 13:15:18,259 [INFO] MicroXplorer:498 - Change Database Version : DB.6.0.130
2025-02-09 13:15:18,294 [INFO] McuFinderGlobals:63 - Set McuFinder mode to 2 (CubeIDE integrated)
2025-02-09 13:15:18,297 [INFO] UserAuth:486 - Internet connection configuration mode: 1
2025-02-09 13:15:18,394 [INFO] JxBrowserEngine:152 - Initiate JxBrowser Engine with user profile folder
2025-02-09 13:15:18,405 [WARN] MainUpdater:1193 - Updater busy. Cannot search thirdparties
2025-02-09 13:15:18,405 [INFO] ThirdPartyUpdaterWithRetryManager:96 - Updater plugin is busy. [1/15]
2025-02-09 13:15:18,658 [INFO] CheckServerUpdateThread:120 - End of CheckServer Thread
2025-02-09 13:15:21,998 [INFO] WebApp:168 - Instantiating new browser for Auth
2025-02-09 13:15:22,369 [WARN] PackLoader:240 - Cannot read IP mode file for STMicroelectronics.FP-SNS-MOTENVWB1.1.4.0
2025-02-09 13:15:22,428 [WARN] PackLoader:240 - Cannot read IP mode file for STMicroelectronics.FP-ATR-ASTRA1.2.0.1
2025-02-09 13:15:22,527 [WARN] PackLoader:240 - Cannot read IP mode file for STMicroelectronics.X-CUBE-SMBUS.2.1.0
2025-02-09 13:15:22,574 [WARN] PackLoader:240 - Cannot read IP mode file for STMicroelectronics.X-CUBE-WB05N.1.1.0
2025-02-09 13:15:22,666 [WARN] PackLoader:240 - Cannot read IP mode file for STMicroelectronics.X-CUBE-AZRTOS-F7.1.1.0
2025-02-09 13:15:22,685 [WARN] PackLoader:240 - Cannot read IP mode file for STMicroelectronics.FP-SNS-FLIGHT1.5.0.2
2025-02-09 13:15:22,742 [WARN] PackLoader:240 - Cannot read IP mode file for Infineon.AIROC-Wi-Fi-Bluetooth-STM32.1.7.0
2025-02-09 13:15:22,785 [WARN] PackLoader:240 - Cannot read IP mode file for STMicroelectronics.X-CUBE-DISPLAY.3.0.0
2025-02-09 13:15:22,809 [WARN] PackLoader:240 - Cannot read IP mode file for STMicroelectronics.X-CUBE-BLE1.7.0.0
2025-02-09 13:15:22,834 [WARN] PackLoader:240 - Cannot read IP mode file for STMicroelectronics.X-CUBE-NFC10.1.0.0
2025-02-09 13:15:22,855 [WARN] PackLoader:240 - Cannot read IP mode file for STMicroelectronics.X-CUBE-BLEMGR.4.0.0
2025-02-09 13:15:22,882 [WARN] PackLoader:240 - Cannot read IP mode file for emotas.I-CUBE-CANOPEN.1.3.0
2025-02-09 13:15:22,896 [WARN] PackLoader:240 - Cannot read IP mode file for STMicroelectronics.X-CUBE-AI.10.0.0
2025-02-09 13:15:22,912 [WARN] PackLoader:240 - Cannot read IP mode file for STMicroelectronics.FP-SNS-SMARTAG2.1.2.0
2025-02-09 13:15:23,022 [WARN] PackLoader:240 - Cannot read IP mode file for STMicroelectronics.X-CUBE-MEMS1.11.1.0
2025-02-09 13:15:23,241 [INFO] LogOutputStream:77 - [STDOUT_REDIRECT] 1 : Invalid condition id : UX_CORESTACK_Condition cause : null
2025-02-09 13:15:23,243 [INFO] LogOutputStream:77 - [STDOUT_REDIRECT] 1 : Invalid condition id : UX_CORESTACK_Condition cause : null
2025-02-09 13:15:23,245 [INFO] LogOutputStream:77 - [STDOUT_REDIRECT] 1 : Invalid condition id : UX_CORESTACK_Condition cause : null
2025-02-09 13:15:23,248 [INFO] LogOutputStream:77 - [STDOUT_REDIRECT] 1 : Invalid condition id : UX_CORESTACK_Condition cause : null
2025-02-09 13:15:23,252 [INFO] LogOutputStream:77 - [STDOUT_REDIRECT] 1 : Invalid condition id : UX_CORESTACK_Condition cause : null
2025-02-09 13:15:23,257 [WARN] PackLoader:240 - Cannot read IP mode file for STMicroelectronics.X-CUBE-AZRTOS-WL.2.0.0
2025-02-09 13:15:23,266 [WARN] PackLoader:240 - Cannot read IP mode file for STMicroelectronics.FP-SNS-MOTENV1.5.0.0
2025-02-09 13:15:23,276 [WARN] PackLoader:240 - Cannot read IP mode file for wolfSSL.I-CUBE-wolfMQTT.1.19.0
2025-02-09 13:15:23,291 [WARN] PackLoader:240 - Cannot read IP mode file for WES.I-CUBE-Cesium.1.3.0
2025-02-09 13:15:23,297 [WARN] PackLoader:240 - Cannot read IP mode file for STMicroelectronics.X-CUBE-BLE2.3.3.0
2025-02-09 13:15:23,307 [WARN] PackLoader:240 - Cannot read IP mode file for STMicroelectronics.X-CUBE-NFC9.1.0.0
2025-02-09 13:15:23,345 [WARN] PackLoader:240 - Cannot read IP mode file for STMicroelectronics.X-CUBE-AZRTOS-G0.1.1.0
2025-02-09 13:15:23,367 [WARN] PackLoader:240 - Cannot read IP mode file for STMicroelectronics.X-CUBE-SAFEA1.1.2.2
2025-02-09 13:15:23,382 [WARN] PackLoader:240 - Cannot read IP mode file for STMicroelectronics.X-CUBE-NFC4.3.0.0
2025-02-09 13:15:23,409 [WARN] PackLoader:240 - Cannot read IP mode file for EmbeddedOffice.I-CUBE-FS-RTOS.1.0.1
2025-02-09 13:15:23,423 [WARN] PackLoader:240 - Cannot read IP mode file for STMicroelectronics.X-CUBE-TCPP.4.2.0
2025-02-09 13:15:23,438 [WARN] PackLoader:240 - Cannot read IP mode file for RealThread.X-CUBE-RT-Thread_Nano.4.1.1
2025-02-09 13:15:23,448 [WARN] PackLoader:240 - Cannot read IP mode file for STMicroelectronics.FP-ATR-SIGFOX1.3.2.0
2025-02-09 13:15:23,457 [WARN] ConditionMgr:438 - getConditionDescription Invalid condition id : Cortex-A Device cause : null
2025-02-09 13:15:23,506 [WARN] ConditionMgr:1044 - genDependencies : Invalid condition id : Cortex-A Device cause : null
2025-02-09 13:15:23,507 [WARN] ConditionMgr:1044 - genDependencies : Invalid condition id : Cortex-A Device cause : null
2025-02-09 13:15:23,507 [WARN] ConditionMgr:1044 - genDependencies : Invalid condition id : Cortex-A Device cause : null
2025-02-09 13:15:23,519 [WARN] PackLoader:240 - Cannot read IP mode file for STMicroelectronics.X-CUBE-EEPRMA1.5.1.0
2025-02-09 13:15:23,568 [WARN] PackLoader:240 - Cannot read IP mode file for wolfSSL.I-CUBE-wolfSSL.5.7.6
2025-02-09 13:15:23,585 [WARN] PackLoader:240 - Cannot read IP mode file for ITTIA_DB.I-CUBE-ITTIADB.8.9.0
2025-02-09 13:15:23,650 [WARN] PackLoader:240 - Cannot read IP mode file for SEGGER.I-CUBE-embOS.1.3.1
2025-02-09 13:15:23,719 [WARN] PackLoader:240 - Cannot read IP mode file for STMicroelectronics.X-CUBE-ALGOBUILD.1.4.0
2025-02-09 13:15:23,746 [WARN] PackLoader:240 - Cannot read IP mode file for STMicroelectronics.X-CUBE-AZRTOS-F4.1.1.0
2025-02-09 13:15:23,756 [WARN] PackLoader:240 - Cannot read IP mode file for STMicroelectronics.X-CUBE-ISPU.2.1.0
2025-02-09 13:15:23,786 [WARN] PackLoader:240 - Cannot read IP mode file for STMicroelectronics.X-CUBE-AZRTOS-L5.2.0.0
2025-02-09 13:15:23,799 [WARN] PackLoader:240 - Cannot read IP mode file for STMicroelectronics.X-CUBE-NFC6.3.1.0
2025-02-09 13:15:23,807 [WARN] PackLoader:240 - Cannot read IP mode file for STMicroelectronics.X-CUBE-DPower.1.2.0
2025-02-09 13:15:23,815 [WARN] PackLoader:240 - Cannot read IP mode file for STMicroelectronics.X-CUBE-FREERTOS.1.3.0
2025-02-09 13:15:23,821 [WARN] PackLoader:240 - Cannot read IP mode file for STMicroelectronics.X-CUBE-NFC7.1.0.1
2025-02-09 13:15:23,840 [WARN] ConditionMgr:438 - getConditionDescription Invalid condition id : LAN8742 Phy interface Condition cause : null
2025-02-09 13:15:23,840 [WARN] PackLoader:240 - Cannot read IP mode file for STMicroelectronics.X-CUBE-AZRTOS-L4.2.0.0
2025-02-09 13:15:23,842 [WARN] ConditionMgr:1044 - genDependencies : Invalid condition id : LAN8742 Phy interface Condition cause : null
2025-02-09 13:15:23,842 [WARN] ConditionMgr:1044 - genDependencies : Invalid condition id : LAN8742 Phy interface Condition cause : null
2025-02-09 13:15:23,842 [WARN] ConditionMgr:1044 - genDependencies : Invalid condition id : LAN8742 Phy interface Condition cause : null
2025-02-09 13:15:23,851 [WARN] PackLoader:240 - Cannot read IP mode file for STMicroelectronics.X-CUBE-SFXS2LP1.4.0.0
2025-02-09 13:15:23,879 [WARN] PackLoader:240 - Cannot read IP mode file for STMicroelectronics.X-CUBE-AZRTOS-H7.3.3.0
2025-02-09 13:15:23,899 [WARN] ConditionMgr:438 - getConditionDescription Invalid condition id : UX DEVICE CLASS RTOS Condition cause : null
2025-02-09 13:15:23,899 [WARN] ConditionMgr:438 - getConditionDescription Invalid condition id : UX DEVICE CLASS RTOS Condition cause : null
2025-02-09 13:15:23,901 [WARN] PackLoader:240 - Cannot read IP mode file for STMicroelectronics.X-CUBE-AZRTOS-WB.2.0.0
2025-02-09 13:15:23,901 [WARN] ConditionMgr:1044 - genDependencies : Invalid condition id : UX DEVICE CLASS RTOS Condition cause : null
2025-02-09 13:15:23,901 [WARN] ConditionMgr:1044 - genDependencies : Invalid condition id : UX DEVICE CLASS RTOS Condition cause : null
2025-02-09 13:15:23,903 [WARN] ConditionMgr:1044 - genDependencies : Invalid condition id : UX DEVICE CLASS RTOS Condition cause : null
2025-02-09 13:15:23,903 [WARN] ConditionMgr:1044 - genDependencies : Invalid condition id : UX DEVICE CLASS RTOS Condition cause : null
2025-02-09 13:15:23,903 [WARN] ConditionMgr:1044 - genDependencies : Invalid condition id : UX DEVICE CLASS RTOS Condition cause : null
2025-02-09 13:15:23,911 [WARN] PackLoader:240 - Cannot read IP mode file for STMicroelectronics.X-CUBE-GNSS1.7.0.1
2025-02-09 13:15:23,919 [WARN] PackLoader:240 - Cannot read IP mode file for STMicroelectronics.FP-SNS-STBOX1.2.0.0
2025-02-09 13:15:23,935 [WARN] PackLoader:240 - Cannot read IP mode file for STMicroelectronics.X-CUBE-SUBG2.5.0.0
2025-02-09 13:15:23,944 [WARN] PackLoader:240 - Cannot read IP mode file for Cesanta.I-CUBE-Mongoose.7.13.0
2025-02-09 13:15:23,959 [WARN] PackLoader:240 - Cannot read IP mode file for STMicroelectronics.X-CUBE-AZRTOS-G4.2.0.0
2025-02-09 13:15:23,992 [WARN] PackLoader:240 - Cannot read IP mode file for STMicroelectronics.X-CUBE-IPS.3.1.0
2025-02-09 13:15:24,014 [WARN] PackLoader:240 - Cannot read IP mode file for STMicroelectronics.X-CUBE-ALS.1.0.2
2025-02-09 13:15:24,024 [WARN] PackLoader:240 - Cannot read IP mode file for STMicroelectronics.X-CUBE-TOUCHGFX.4.24.2
2025-02-09 13:15:24,030 [WARN] PackLoader:240 - Cannot read IP mode file for wolfSSL.I-CUBE-wolfTPM.3.4.0
2025-02-09 13:15:24,041 [WARN] PackLoader:240 - Cannot read IP mode file for portGmbH.I-Cube-SoM-uGOAL.1.1.0
2025-02-09 13:15:24,080 [WARN] PackLoader:240 - Cannot read IP mode file for STMicroelectronics.X-CUBE-AZRTOS-H7RS.1.0.0
2025-02-09 13:15:24,136 [WARN] PackLoader:240 - Cannot read IP mode file for STMicroelectronics.X-CUBE-TOF1.3.4.2
2025-02-09 13:15:24,188 [WARN] PackLoader:240 - Cannot read IP mode file for wolfSSL.I-CUBE-wolfSSH.1.4.17
2025-02-09 13:15:24,189 [INFO] ThirdParty:978 - Integrity check success = true
2025-02-09 13:15:24,190 [INFO] IntegrityCheckThread:100 - exiting critical section [integrity check]
2025-02-09 13:15:24,190 [INFO] IntegrityCheckThread:103 - End integrity checks thread
2025-02-09 13:15:24,998 [INFO] WebApp:449 - Apply proxy settings
2025-02-09 13:15:25,000 [INFO] WebApp:534 - Chromium requires no authentication
2025-02-09 13:15:25,091 [INFO] WebApp:477 - Direct internet connection detected
2025-02-09 13:15:25,264 [INFO] WebApp:880 - Register for checkConnection events
2025-02-09 13:15:25,264 [INFO] WebApp:449 - Apply proxy settings
2025-02-09 13:15:25,264 [INFO] WebApp:534 - Chromium requires no authentication
2025-02-09 13:15:25,265 [INFO] WebApp:477 - Direct internet connection detected
2025-02-09 13:15:26,104 [INFO] WebApp:221 - Starting web application
2025-02-09 13:15:26,105 [INFO] WebApp:579 - Web application path used C:\ST\STM32CubeIDE_1.17.0\STM32CubeIDE\plugins\com.st.stm32cube.common.mx_6.13.0.202411220809\db\plugins\mcufinder\reactClient1\index.html
2025-02-09 13:15:26,172 [INFO] WebApp:187 - Connection restablished
2025-02-09 13:15:26,584 [INFO] UserAuth:486 - Internet connection configuration mode: 1
2025-02-09 13:50:58,641 [ERROR] LogOutputStream:75 - [STDERR_REDIRECT] 
