2025-02-27 10:54:22,704 [INFO] Activator:176 - 


2025-02-27 10:54:22,711 [INFO] Activator:177 - !SESSION log4j initialized
2025-02-27 10:54:31,986 [INFO] LogOutputStream:77 - [STDOUT_REDIRECT] 
2025-02-27 10:54:37,297 [INFO] ApplicationProperties:184 - Using Application install path: C:\ST\STM32CubeIDE_1.17.0\STM32CubeIDE\plugins\com.st.stm32cube.common.mx_6.13.0.202411220809
2025-02-27 10:54:37,316 [INFO] DbMcusXml:78 - Set database path to: C:\ST\STM32CubeIDE_1.17.0\STM32CubeIDE\plugins\com.st.stm32cube.common.mx_6.13.0.202411220809\\db\/mcu/
2025-02-27 10:54:37,316 [INFO] ApiDb:274 - Set plugin database path to: C:\ST\STM32CubeIDE_1.17.0\STM32CubeIDE\plugins\com.st.stm32cube.common.mx_6.13.0.202411220809\\db\/plugins/boardmanager/
2025-02-27 10:54:37,317 [WARN] ApiDb:259 - Overriding images path with different value:  => C:\ST\STM32CubeIDE_1.17.0\STM32CubeIDE\plugins\com.st.stm32cube.common.mx_6.13.0.202411220809\\db\/plugins/mcufinder/images/
2025-02-27 10:54:37,328 [INFO] ApiDb:250 - Set database path to: C:\Users\alvar\.stmcufinder\plugins\mcufinder//mcu/
2025-02-27 10:54:37,329 [INFO] DbMcusAds:125 - Set database path to: C:\Users\alvar\.stmcufinder\plugins\mcufinder//mcu/
2025-02-27 10:54:37,332 [INFO] CrossReferenceDbSqlite:203 - Set database path to: C:\Users\alvar\.stmcufinder\plugins\mcufinder//mcu/cs/
2025-02-27 10:54:37,501 [INFO] RulesReader:64 - Compatibility file has been processed (297 Rules)
2025-02-27 10:54:37,746 [INFO] DbMcusXml:78 - Set database path to: C:\ST\STM32CubeIDE_1.17.0\STM32CubeIDE\plugins\com.st.stm32cube.common.mx_6.13.0.202411220809\\db\/mcu/
2025-02-27 10:54:37,746 [INFO] ApiDb:274 - Set plugin database path to: C:\ST\STM32CubeIDE_1.17.0\STM32CubeIDE\plugins\com.st.stm32cube.common.mx_6.13.0.202411220809\\db\/plugins/boardmanager/
2025-02-27 10:54:37,747 [INFO] ApiDb:261 - Set plugin images path to: C:\ST\STM32CubeIDE_1.17.0\STM32CubeIDE\plugins\com.st.stm32cube.common.mx_6.13.0.202411220809\\db\/plugins/mcufinder/images/
2025-02-27 10:54:37,747 [WARN] DbFile:41 - Overriding database path with different value: C:\Users\alvar\.stmcufinder\plugins\mcufinder/ => C:\Users\alvar\.stmcufinder\plugins\mcufinder
2025-02-27 10:54:37,747 [INFO] ApiDb:250 - Set database path to: C:\Users\alvar\.stmcufinder\plugins\mcufinder//mcu/
2025-02-27 10:54:37,747 [WARN] DbFile:41 - Overriding database path with different value: C:\Users\alvar\.stmcufinder\plugins\mcufinder/ => C:\Users\alvar\.stmcufinder\plugins\mcufinder
2025-02-27 10:54:37,747 [INFO] DbMcusAds:125 - Set database path to: C:\Users\alvar\.stmcufinder\plugins\mcufinder//mcu/
2025-02-27 10:54:37,747 [WARN] DbFile:41 - Overriding database path with different value: C:\Users\alvar\.stmcufinder\plugins\mcufinder/ => C:\Users\alvar\.stmcufinder\plugins\mcufinder
2025-02-27 10:54:37,748 [WARN] DbFile:41 - Overriding database path with different value: C:\Users\alvar\.stmcufinder\plugins\mcufinder/ => C:\Users\alvar\.stmcufinder\plugins\mcufinder
2025-02-27 10:54:37,748 [INFO] CrossReferenceDbSqlite:203 - Set database path to: C:\Users\alvar\.stmcufinder\plugins\mcufinder//mcu/cs/
2025-02-27 10:54:37,973 [INFO] MainPanel:272 - HeapMemory: 268435456
2025-02-27 10:54:38,204 [INFO] DbMcusXml:78 - Set database path to: C:\ST\STM32CubeIDE_1.17.0\STM32CubeIDE\plugins\com.st.stm32cube.common.mx_6.13.0.202411220809\\db\/mcu/
2025-02-27 10:54:38,204 [INFO] ApiDb:274 - Set plugin database path to: C:\ST\STM32CubeIDE_1.17.0\STM32CubeIDE\plugins\com.st.stm32cube.common.mx_6.13.0.202411220809\\db\/plugins/boardmanager/
2025-02-27 10:54:38,205 [INFO] ApiDb:261 - Set plugin images path to: C:\ST\STM32CubeIDE_1.17.0\STM32CubeIDE\plugins\com.st.stm32cube.common.mx_6.13.0.202411220809\\db\/plugins/mcufinder/images/
2025-02-27 10:54:38,205 [WARN] DbFile:41 - Overriding database path with different value: C:\Users\alvar\.stmcufinder\plugins\mcufinder/ => C:\Users\alvar\.stmcufinder\plugins\mcufinder
2025-02-27 10:54:38,206 [INFO] ApiDb:250 - Set database path to: C:\Users\alvar\.stmcufinder\plugins\mcufinder//mcu/
2025-02-27 10:54:38,206 [WARN] DbFile:41 - Overriding database path with different value: C:\Users\alvar\.stmcufinder\plugins\mcufinder/ => C:\Users\alvar\.stmcufinder\plugins\mcufinder
2025-02-27 10:54:38,206 [INFO] DbMcusAds:125 - Set database path to: C:\Users\alvar\.stmcufinder\plugins\mcufinder//mcu/
2025-02-27 10:54:38,206 [WARN] DbFile:41 - Overriding database path with different value: C:\Users\alvar\.stmcufinder\plugins\mcufinder/ => C:\Users\alvar\.stmcufinder\plugins\mcufinder
2025-02-27 10:54:38,206 [WARN] DbFile:41 - Overriding database path with different value: C:\Users\alvar\.stmcufinder\plugins\mcufinder/ => C:\Users\alvar\.stmcufinder\plugins\mcufinder
2025-02-27 10:54:38,206 [INFO] CrossReferenceDbSqlite:203 - Set database path to: C:\Users\alvar\.stmcufinder\plugins\mcufinder//mcu/cs/
2025-02-27 10:54:38,246 [INFO] ApplicationProperties:184 - Using Application install path: C:\ST\STM32CubeIDE_1.17.0\STM32CubeIDE\plugins\com.st.stm32cube.common.mx_6.13.0.202411220809
2025-02-27 10:54:38,248 [INFO] PluginManage:196 - Search for loadable plugins [exclusion list=, ]
2025-02-27 10:54:38,253 [INFO] PluginManage:310 - Check plugin analytics
2025-02-27 10:54:38,652 [INFO] AnalyticsPlugin:253 - Accepted Software Licenses: 
2025-02-27 10:54:38,652 [INFO] AnalyticsPlugin:255 - Accepted CMSIS Pack Licenses: 
2025-02-27 10:54:38,652 [INFO] AnalyticsPlugin:257 - Accepted Firmware Licenses: 
2025-02-27 10:54:38,660 [INFO] PluginManage:359 - Loaded plugin analytics (category:tool,tabindex:-1)
2025-02-27 10:54:38,660 [INFO] PluginManage:310 - Check plugin cadmodel
2025-02-27 10:54:38,684 [INFO] CADModel:105 - Init CAD model plugin
2025-02-27 10:54:38,684 [INFO] PluginManage:359 - Loaded plugin cadmodel (category:power,tabindex:5)
2025-02-27 10:54:38,684 [INFO] PluginManage:310 - Check plugin clock
2025-02-27 10:54:38,709 [INFO] PluginManage:359 - Loaded plugin clock (category:base,tabindex:2)
2025-02-27 10:54:38,710 [INFO] PluginManage:310 - Check plugin ddr
2025-02-27 10:54:38,714 [INFO] PluginManage:359 - Loaded plugin ddr (category:tool,tabindex:6)
2025-02-27 10:54:38,714 [INFO] PluginManage:310 - Check plugin filemanager
2025-02-27 10:54:38,882 [INFO] PluginManage:359 - Loaded plugin filemanager (category:base,tabindex:10)
2025-02-27 10:54:38,882 [INFO] PluginManage:310 - Check plugin ipmanager
2025-02-27 10:54:38,890 [INFO] PluginManage:359 - Loaded plugin ipmanager (category:base,tabindex:5)
2025-02-27 10:54:38,890 [INFO] PluginManage:310 - Check plugin lpbam
2025-02-27 10:54:38,931 [INFO] PluginManage:359 - Loaded plugin lpbam (category:base,tabindex:0)
2025-02-27 10:54:38,931 [INFO] PluginManage:310 - Check plugin memorymap
2025-02-27 10:54:38,974 [INFO] PluginManage:359 - Loaded plugin memorymap (category:base,tabindex:4)
2025-02-27 10:54:38,974 [INFO] PluginManage:310 - Check plugin pinoutandconfiguration
2025-02-27 10:54:39,006 [INFO] PluginManage:359 - Loaded plugin pinoutandconfiguration (category:base,tabindex:1)
2025-02-27 10:54:39,006 [INFO] PluginManage:310 - Check plugin pinoutconfig
2025-02-27 10:54:39,187 [WARN] SupportedApi:132 - Cannot load RTOS API schema: s4s-elt-must-match.1: The content of 'definitions' must match (annotation?, (simpleType | complexType)?, (unique | key | keyref)*)). A problem was found starting at: attribute.
2025-02-27 10:54:39,440 [INFO] PluginManage:359 - Loaded plugin pinoutconfig (category:base,tabindex:0)
2025-02-27 10:54:39,441 [INFO] PluginManage:310 - Check plugin power
2025-02-27 10:54:39,469 [INFO] PluginManage:359 - Loaded plugin power (category:power,tabindex:4)
2025-02-27 10:54:39,470 [INFO] PluginManage:310 - Check plugin projectmanager
2025-02-27 10:54:39,492 [INFO] PluginManage:359 - Loaded plugin projectmanager (category:projectmanager,tabindex:4)
2025-02-27 10:54:39,492 [INFO] PluginManage:310 - Check plugin rif
2025-02-27 10:54:39,517 [INFO] PluginManage:359 - Loaded plugin rif (category:base,tabindex:3)
2025-02-27 10:54:39,518 [INFO] PluginManage:310 - Check plugin thirdparty
2025-02-27 10:54:40,001 [WARN] IntegrityCheckThread:84 - waiting for thirdparty lock release [integrity check]
2025-02-27 10:54:40,001 [INFO] PluginManage:359 - Loaded plugin thirdparty (category:base,tabindex:-1)
2025-02-27 10:54:40,001 [INFO] IntegrityCheckThread:86 - entering critical section [integrity check]
2025-02-27 10:54:40,001 [INFO] PluginManage:310 - Check plugin tools
2025-02-27 10:54:40,001 [INFO] ThirdPartyUpdaterWithRetryManager:70 - Updater plugin not ready yet. [1/15]
2025-02-27 10:54:40,064 [INFO] PluginManage:359 - Loaded plugin tools (category:base,tabindex:7)
2025-02-27 10:54:40,064 [INFO] PluginManage:310 - Check plugin tutovideos
2025-02-27 10:54:40,347 [INFO] PluginManage:359 - Loaded plugin tutovideos (category:base,tabindex:-1)
2025-02-27 10:54:40,347 [INFO] PluginManage:310 - Check plugin updater
2025-02-27 10:54:40,372 [INFO] PluginManage:359 - Loaded plugin updater (category:base,tabindex:12)
2025-02-27 10:54:40,372 [INFO] PluginManage:310 - Check plugin userauth
2025-02-27 10:54:40,377 [INFO] UserAuth:118 - Init User Auth plugin
2025-02-27 10:54:40,378 [INFO] PluginManage:359 - Loaded plugin userauth (category:base,tabindex:14)
2025-02-27 10:54:40,379 [INFO] PluginManage:283 - PluginManage : Loaded plugins [18]
2025-02-27 10:54:40,784 [INFO] PinOutPanel:1589 - setPackage(No Configuration,No Configuration)
2025-02-27 10:54:40,972 [INFO] CADModel:165 - CPN selected for project level
2025-02-27 10:54:40,972 [INFO] CADModel:114 - Register for checkConnection events
2025-02-27 10:54:41,008 [INFO] IPUIPlugin:80 - create IPUIPlugin
2025-02-27 10:54:41,008 [INFO] PluginManager:220 - loadIPPluginJar : add adc
2025-02-27 10:54:41,062 [INFO] IPUIPlugin:80 - create IPUIPlugin
2025-02-27 10:54:41,062 [INFO] PluginManager:220 - loadIPPluginJar : add aes
2025-02-27 10:54:41,121 [INFO] IPUIPlugin:80 - create IPUIPlugin
2025-02-27 10:54:41,122 [INFO] PluginManager:220 - loadIPPluginJar : add can
2025-02-27 10:54:41,157 [INFO] IPUIPlugin:80 - create IPUIPlugin
2025-02-27 10:54:41,157 [INFO] PluginManager:220 - loadIPPluginJar : add comp
2025-02-27 10:54:41,211 [INFO] IPUIPlugin:80 - create IPUIPlugin
2025-02-27 10:54:41,211 [INFO] PluginManager:220 - loadIPPluginJar : add cryp
2025-02-27 10:54:41,234 [INFO] IPUIPlugin:80 - create IPUIPlugin
2025-02-27 10:54:41,234 [INFO] PluginManager:220 - loadIPPluginJar : add ddr_ctrl_phy
2025-02-27 10:54:41,290 [INFO] IPUIPlugin:80 - create IPUIPlugin
2025-02-27 10:54:41,290 [INFO] PluginManager:220 - loadIPPluginJar : add dfsdm
2025-02-27 10:54:41,312 [INFO] IPUIPlugin:80 - create IPUIPlugin
2025-02-27 10:54:41,313 [INFO] PluginManager:220 - loadIPPluginJar : add dma
2025-02-27 10:54:41,379 [INFO] IPUIPlugin:80 - create IPUIPlugin
2025-02-27 10:54:41,379 [INFO] PluginManager:220 - loadIPPluginJar : add dma3
2025-02-27 10:54:41,441 [INFO] IPUIPlugin:80 - create IPUIPlugin
2025-02-27 10:54:41,441 [INFO] PluginManager:220 - loadIPPluginJar : add extmemmanager
2025-02-27 10:54:41,469 [INFO] IPUIPlugin:80 - create IPUIPlugin
2025-02-27 10:54:41,470 [INFO] PluginManager:220 - loadIPPluginJar : add fatfs
2025-02-27 10:54:41,531 [INFO] IPUIPlugin:80 - create IPUIPlugin
2025-02-27 10:54:41,531 [INFO] PluginManager:220 - loadIPPluginJar : add fmc
2025-02-27 10:54:41,550 [INFO] IPUIPlugin:80 - create IPUIPlugin
2025-02-27 10:54:41,550 [INFO] PluginManager:220 - loadIPPluginJar : add freertos
2025-02-27 10:54:41,578 [INFO] IPUIPlugin:80 - create IPUIPlugin
2025-02-27 10:54:41,578 [INFO] PluginManager:220 - loadIPPluginJar : add genericplugin
2025-02-27 10:54:41,737 [INFO] IPUIPlugin:80 - create IPUIPlugin
2025-02-27 10:54:41,737 [INFO] PluginManager:220 - loadIPPluginJar : add gfxmmu
2025-02-27 10:54:41,931 [INFO] IPUIPlugin:80 - create IPUIPlugin
2025-02-27 10:54:41,931 [INFO] PluginManager:220 - loadIPPluginJar : add gic
2025-02-27 10:54:41,946 [INFO] IPUIPlugin:80 - create IPUIPlugin
2025-02-27 10:54:41,947 [INFO] PluginManager:220 - loadIPPluginJar : add gpio
2025-02-27 10:54:42,095 [INFO] IPUIPlugin:80 - create IPUIPlugin
2025-02-27 10:54:42,095 [INFO] PluginManager:220 - loadIPPluginJar : add gtzc
2025-02-27 10:54:42,154 [INFO] IPUIPlugin:80 - create IPUIPlugin
2025-02-27 10:54:42,154 [INFO] PluginManager:220 - loadIPPluginJar : add hash
2025-02-27 10:54:42,224 [INFO] IPUIPlugin:80 - create IPUIPlugin
2025-02-27 10:54:42,224 [INFO] PluginManager:220 - loadIPPluginJar : add i2c
2025-02-27 10:54:42,278 [INFO] IPUIPlugin:80 - create IPUIPlugin
2025-02-27 10:54:42,278 [INFO] PluginManager:220 - loadIPPluginJar : add i2s
2025-02-27 10:54:42,332 [INFO] IPUIPlugin:80 - create IPUIPlugin
2025-02-27 10:54:42,332 [INFO] PluginManager:220 - loadIPPluginJar : add i3c
2025-02-27 10:54:42,493 [INFO] IPUIPlugin:80 - create IPUIPlugin
2025-02-27 10:54:42,493 [INFO] PluginManager:220 - loadIPPluginJar : add ipddr
2025-02-27 10:54:42,630 [INFO] IPUIPlugin:80 - create IPUIPlugin
2025-02-27 10:54:42,630 [INFO] PluginManager:220 - loadIPPluginJar : add linkedlist
2025-02-27 10:54:42,682 [INFO] IPUIPlugin:80 - create IPUIPlugin
2025-02-27 10:54:42,683 [INFO] PluginManager:220 - loadIPPluginJar : add lorawan
2025-02-27 10:54:42,738 [INFO] IPUIPlugin:80 - create IPUIPlugin
2025-02-27 10:54:42,738 [INFO] PluginManager:220 - loadIPPluginJar : add ltdc
2025-02-27 10:54:42,761 [INFO] IPUIPlugin:80 - create IPUIPlugin
2025-02-27 10:54:42,762 [INFO] PluginManager:220 - loadIPPluginJar : add mdma
2025-02-27 10:54:42,790 [INFO] IPUIPlugin:80 - create IPUIPlugin
2025-02-27 10:54:42,790 [INFO] PluginManager:220 - loadIPPluginJar : add nvic
2025-02-27 10:54:42,859 [INFO] IPUIPlugin:80 - create IPUIPlugin
2025-02-27 10:54:42,859 [INFO] PluginManager:220 - loadIPPluginJar : add opamp
2025-02-27 10:54:42,953 [INFO] IPUIPlugin:80 - create IPUIPlugin
2025-02-27 10:54:42,954 [INFO] PluginManager:220 - loadIPPluginJar : add openamp
2025-02-27 10:54:43,003 [INFO] ThirdPartyUpdaterWithRetryManager:70 - Updater plugin not ready yet. [2/15]
2025-02-27 10:54:43,014 [INFO] IPUIPlugin:80 - create IPUIPlugin
2025-02-27 10:54:43,014 [INFO] PluginManager:220 - loadIPPluginJar : add pdm2pcm
2025-02-27 10:54:43,033 [INFO] IPUIPlugin:80 - create IPUIPlugin
2025-02-27 10:54:43,035 [INFO] PluginManager:220 - loadIPPluginJar : add plateformsettings
2025-02-27 10:54:43,065 [INFO] IPUIPlugin:80 - create IPUIPlugin
2025-02-27 10:54:43,065 [INFO] PluginManager:220 - loadIPPluginJar : add quadspi
2025-02-27 10:54:43,105 [INFO] IPUIPlugin:80 - create IPUIPlugin
2025-02-27 10:54:43,106 [INFO] PluginManager:220 - loadIPPluginJar : add radio
2025-02-27 10:54:43,128 [INFO] IPUIPlugin:80 - create IPUIPlugin
2025-02-27 10:54:43,128 [INFO] PluginManager:220 - loadIPPluginJar : add resmgrutility
2025-02-27 10:54:43,217 [INFO] IPUIPlugin:80 - create IPUIPlugin
2025-02-27 10:54:43,217 [INFO] PluginManager:220 - loadIPPluginJar : add sai
2025-02-27 10:54:43,274 [INFO] IPUIPlugin:80 - create IPUIPlugin
2025-02-27 10:54:43,274 [INFO] PluginManager:220 - loadIPPluginJar : add spi
2025-02-27 10:54:43,366 [INFO] IPUIPlugin:80 - create IPUIPlugin
2025-02-27 10:54:43,366 [INFO] PluginManager:220 - loadIPPluginJar : add stm32_wpan
2025-02-27 10:54:43,399 [INFO] IPUIPlugin:80 - create IPUIPlugin
2025-02-27 10:54:43,399 [INFO] PluginManager:220 - loadIPPluginJar : add tim
2025-02-27 10:54:43,501 [INFO] IPUIPlugin:80 - create IPUIPlugin
2025-02-27 10:54:43,501 [INFO] PluginManager:220 - loadIPPluginJar : add touchsensing
2025-02-27 10:54:43,540 [INFO] IPUIPlugin:80 - create IPUIPlugin
2025-02-27 10:54:43,541 [INFO] PluginManager:220 - loadIPPluginJar : add tracer_emb
2025-02-27 10:54:43,583 [INFO] IPUIPlugin:80 - create IPUIPlugin
2025-02-27 10:54:43,583 [INFO] PluginManager:220 - loadIPPluginJar : add ts
2025-02-27 10:54:43,616 [INFO] IPUIPlugin:80 - create IPUIPlugin
2025-02-27 10:54:43,616 [INFO] PluginManager:220 - loadIPPluginJar : add tsc
2025-02-27 10:54:43,646 [INFO] IPUIPlugin:80 - create IPUIPlugin
2025-02-27 10:54:43,646 [INFO] PluginManager:220 - loadIPPluginJar : add ucpd
2025-02-27 10:54:43,709 [INFO] IPUIPlugin:80 - create IPUIPlugin
2025-02-27 10:54:43,709 [INFO] PluginManager:220 - loadIPPluginJar : add usart
2025-02-27 10:54:43,765 [INFO] IPUIPlugin:80 - create IPUIPlugin
2025-02-27 10:54:43,765 [INFO] PluginManager:220 - loadIPPluginJar : add usbx
2025-02-27 10:54:43,969 [FATAL] Updater:351 - Updater called before beeing initialized
2025-02-27 10:54:43,999 [INFO] RulesReader:64 - Compatibility file has been processed (297 Rules)
2025-02-27 10:54:44,010 [INFO] RulesReader:64 - Compatibility file has been processed (297 Rules)
2025-02-27 10:54:44,022 [INFO] CADModel:165 - CPN selected for project level
2025-02-27 10:54:44,023 [INFO] CADModel:114 - Register for checkConnection events
2025-02-27 10:54:44,023 [FATAL] Updater:351 - Updater called before beeing initialized
2025-02-27 10:54:44,023 [ERROR] CADModel:125 - Updater not yet initialized, retry later 
2025-02-27 10:54:44,253 [FATAL] Updater:351 - Updater called before beeing initialized
2025-02-27 10:54:44,258 [INFO] CADModel:165 - CPN selected for project level
2025-02-27 10:54:44,259 [INFO] CADModel:114 - Register for checkConnection events
2025-02-27 10:54:44,259 [FATAL] Updater:351 - Updater called before beeing initialized
2025-02-27 10:54:44,259 [ERROR] CADModel:125 - Updater not yet initialized, retry later 
2025-02-27 10:54:44,267 [FATAL] Updater:351 - Updater called before beeing initialized
2025-02-27 10:54:44,626 [FATAL] Updater:351 - Updater called before beeing initialized
2025-02-27 10:54:44,643 [INFO] DbMcusAds:53 - JSON generation date=Tue Dec 17 17:01:15 CET 2024 (1734451275111)
2025-02-27 10:54:44,643 [FATAL] Updater:351 - Updater called before beeing initialized
2025-02-27 10:54:44,715 [WARN] DetailPanel:346 - Failed to get advertising image, set to default
2025-02-27 10:54:45,028 [FATAL] Updater:351 - Updater called before beeing initialized
2025-02-27 10:54:45,032 [FATAL] Updater:351 - Updater called before beeing initialized
2025-02-27 10:54:45,032 [FATAL] Updater:351 - Updater called before beeing initialized
2025-02-27 10:54:45,032 [WARN] DetailPanel:346 - Failed to get advertising image, set to default
2025-02-27 10:54:45,033 [FATAL] Updater:351 - Updater called before beeing initialized
2025-02-27 10:54:45,149 [ERROR] Updater:1198 - MainUpdater not yet initialized. External WinMGr cannot be set.
2025-02-27 10:54:45,165 [INFO] Updater:1134 - Updater Version found : 6.13.0
2025-02-27 10:54:45,190 [INFO] ApplicationProperties:184 - Using Application install path: C:\ST\STM32CubeIDE_1.17.0\STM32CubeIDE\plugins\com.st.stm32cube.common.mx_6.13.0.202411220809
2025-02-27 10:54:46,003 [INFO] ThirdPartyUpdaterWithRetryManager:70 - Updater plugin not ready yet. [3/15]
2025-02-27 10:54:46,787 [ERROR] LogOutputStream:75 - [STDERR_REDIRECT] Feb 27, 2025 10:54:46 AM java.util.prefs.WindowsPreferences <init>
2025-02-27 10:54:46,791 [ERROR] LogOutputStream:75 - [STDERR_REDIRECT] WARNING: Could not open/create prefs root node Software\JavaSoft\Prefs at root 0xffffffff80000002. Windows RegCreateKeyEx(...) returned error code 5.
2025-02-27 10:54:46,792 [ERROR] LogOutputStream:75 - [STDERR_REDIRECT] 
2025-02-27 10:54:47,371 [INFO] MainUpdater:2872 - connection check result : 10
2025-02-27 10:54:47,372 [INFO] MainUpdater:289 - Updater Check For Update Now.
2025-02-27 10:54:47,372 [INFO] MicroXplorer:498 - Change Database Version : DB.6.0.130
2025-02-27 10:54:47,399 [INFO] McuFinderGlobals:63 - Set McuFinder mode to 2 (CubeIDE integrated)
2025-02-27 10:54:47,409 [INFO] UserAuth:486 - Internet connection configuration mode: 1
2025-02-27 10:54:47,467 [INFO] JxBrowserEngine:152 - Initiate JxBrowser Engine with user profile folder
2025-02-27 10:54:47,649 [INFO] CheckServerUpdateThread:120 - End of CheckServer Thread
2025-02-27 10:54:49,309 [WARN] PackLoader:240 - Cannot read IP mode file for STMicroelectronics.FP-SNS-MOTENVWB1.1.4.0
2025-02-27 10:54:49,347 [WARN] PackLoader:240 - Cannot read IP mode file for STMicroelectronics.FP-ATR-ASTRA1.2.0.1
2025-02-27 10:54:49,387 [WARN] PackLoader:240 - Cannot read IP mode file for STMicroelectronics.X-CUBE-SMBUS.2.1.0
2025-02-27 10:54:49,423 [WARN] PackLoader:240 - Cannot read IP mode file for STMicroelectronics.X-CUBE-WB05N.1.1.0
2025-02-27 10:54:49,524 [WARN] PackLoader:240 - Cannot read IP mode file for STMicroelectronics.X-CUBE-AZRTOS-F7.1.1.0
2025-02-27 10:54:49,560 [WARN] PackLoader:240 - Cannot read IP mode file for STMicroelectronics.FP-SNS-FLIGHT1.5.0.2
2025-02-27 10:54:49,635 [WARN] PackLoader:240 - Cannot read IP mode file for Infineon.AIROC-Wi-Fi-Bluetooth-STM32.1.7.0
2025-02-27 10:54:49,743 [WARN] PackLoader:240 - Cannot read IP mode file for STMicroelectronics.X-CUBE-DISPLAY.3.0.0
2025-02-27 10:54:49,774 [WARN] PackLoader:240 - Cannot read IP mode file for STMicroelectronics.X-CUBE-BLE1.7.0.0
2025-02-27 10:54:49,805 [WARN] PackLoader:240 - Cannot read IP mode file for STMicroelectronics.X-CUBE-NFC10.1.0.0
2025-02-27 10:54:49,882 [WARN] PackLoader:240 - Cannot read IP mode file for STMicroelectronics.X-CUBE-BLEMGR.4.0.0
2025-02-27 10:54:49,931 [WARN] PackLoader:240 - Cannot read IP mode file for emotas.I-CUBE-CANOPEN.1.3.0
2025-02-27 10:54:50,011 [WARN] PackLoader:240 - Cannot read IP mode file for STMicroelectronics.X-CUBE-AI.10.0.0
2025-02-27 10:54:50,082 [WARN] PackLoader:240 - Cannot read IP mode file for STMicroelectronics.FP-SNS-SMARTAG2.1.2.0
2025-02-27 10:54:50,301 [WARN] PackLoader:240 - Cannot read IP mode file for STMicroelectronics.X-CUBE-MEMS1.11.1.0
2025-02-27 10:54:50,645 [INFO] LogOutputStream:77 - [STDOUT_REDIRECT] 1 : Invalid condition id : UX_CORESTACK_Condition cause : null
2025-02-27 10:54:50,647 [INFO] LogOutputStream:77 - [STDOUT_REDIRECT] 1 : Invalid condition id : UX_CORESTACK_Condition cause : null
2025-02-27 10:54:50,649 [INFO] LogOutputStream:77 - [STDOUT_REDIRECT] 1 : Invalid condition id : UX_CORESTACK_Condition cause : null
2025-02-27 10:54:50,651 [INFO] LogOutputStream:77 - [STDOUT_REDIRECT] 1 : Invalid condition id : UX_CORESTACK_Condition cause : null
2025-02-27 10:54:50,654 [INFO] LogOutputStream:77 - [STDOUT_REDIRECT] 1 : Invalid condition id : UX_CORESTACK_Condition cause : null
2025-02-27 10:54:50,659 [WARN] PackLoader:240 - Cannot read IP mode file for STMicroelectronics.X-CUBE-AZRTOS-WL.2.0.0
2025-02-27 10:54:50,716 [WARN] PackLoader:240 - Cannot read IP mode file for STMicroelectronics.FP-SNS-MOTENV1.5.0.0
2025-02-27 10:54:50,753 [WARN] PackLoader:240 - Cannot read IP mode file for wolfSSL.I-CUBE-wolfMQTT.1.19.0
2025-02-27 10:54:50,798 [WARN] PackLoader:240 - Cannot read IP mode file for WES.I-CUBE-Cesium.1.3.0
2025-02-27 10:54:50,835 [WARN] PackLoader:240 - Cannot read IP mode file for STMicroelectronics.X-CUBE-BLE2.3.3.0
2025-02-27 10:54:50,913 [WARN] PackLoader:240 - Cannot read IP mode file for STMicroelectronics.X-CUBE-NFC9.1.0.0
2025-02-27 10:54:51,018 [WARN] PackLoader:240 - Cannot read IP mode file for STMicroelectronics.X-CUBE-AZRTOS-G0.1.1.0
2025-02-27 10:54:51,080 [WARN] PackLoader:240 - Cannot read IP mode file for STMicroelectronics.X-CUBE-SAFEA1.1.2.2
2025-02-27 10:54:51,115 [WARN] PackLoader:240 - Cannot read IP mode file for STMicroelectronics.X-CUBE-NFC4.3.0.0
2025-02-27 10:54:51,163 [WARN] PackLoader:240 - Cannot read IP mode file for EmbeddedOffice.I-CUBE-FS-RTOS.1.0.1
2025-02-27 10:54:51,233 [WARN] PackLoader:240 - Cannot read IP mode file for STMicroelectronics.X-CUBE-TCPP.4.2.0
2025-02-27 10:54:51,274 [WARN] PackLoader:240 - Cannot read IP mode file for RealThread.X-CUBE-RT-Thread_Nano.4.1.1
2025-02-27 10:54:51,302 [WARN] PackLoader:240 - Cannot read IP mode file for STMicroelectronics.FP-ATR-SIGFOX1.3.2.0
2025-02-27 10:54:51,413 [WARN] ConditionMgr:438 - getConditionDescription Invalid condition id : Cortex-A Device cause : null
2025-02-27 10:54:51,486 [WARN] ConditionMgr:1044 - genDependencies : Invalid condition id : Cortex-A Device cause : null
2025-02-27 10:54:51,487 [WARN] ConditionMgr:1044 - genDependencies : Invalid condition id : Cortex-A Device cause : null
2025-02-27 10:54:51,487 [WARN] ConditionMgr:1044 - genDependencies : Invalid condition id : Cortex-A Device cause : null
2025-02-27 10:54:51,512 [WARN] PackLoader:240 - Cannot read IP mode file for STMicroelectronics.X-CUBE-EEPRMA1.5.1.0
2025-02-27 10:54:51,535 [WARN] PackLoader:240 - Cannot read IP mode file for wolfSSL.I-CUBE-wolfSSL.5.7.6
2025-02-27 10:54:51,564 [WARN] PackLoader:240 - Cannot read IP mode file for ITTIA_DB.I-CUBE-ITTIADB.8.9.0
2025-02-27 10:54:51,620 [WARN] PackLoader:240 - Cannot read IP mode file for SEGGER.I-CUBE-embOS.1.3.1
2025-02-27 10:54:51,697 [WARN] PackLoader:240 - Cannot read IP mode file for STMicroelectronics.X-CUBE-ALGOBUILD.1.4.0
2025-02-27 10:54:51,769 [WARN] PackLoader:240 - Cannot read IP mode file for STMicroelectronics.X-CUBE-AZRTOS-F4.1.1.0
2025-02-27 10:54:51,773 [INFO] WebApp:168 - Instantiating new browser for Auth
2025-02-27 10:54:51,806 [WARN] PackLoader:240 - Cannot read IP mode file for STMicroelectronics.X-CUBE-ISPU.2.1.0
2025-02-27 10:54:51,916 [WARN] PackLoader:240 - Cannot read IP mode file for STMicroelectronics.X-CUBE-AZRTOS-L5.2.0.0
2025-02-27 10:54:51,978 [WARN] PackLoader:240 - Cannot read IP mode file for STMicroelectronics.X-CUBE-NFC6.3.1.0
2025-02-27 10:54:52,025 [WARN] PackLoader:240 - Cannot read IP mode file for STMicroelectronics.X-CUBE-DPower.1.2.0
2025-02-27 10:54:52,058 [WARN] PackLoader:240 - Cannot read IP mode file for STMicroelectronics.X-CUBE-FREERTOS.1.3.0
2025-02-27 10:54:52,102 [WARN] PackLoader:240 - Cannot read IP mode file for STMicroelectronics.X-CUBE-NFC7.1.0.1
2025-02-27 10:54:52,207 [WARN] ConditionMgr:438 - getConditionDescription Invalid condition id : LAN8742 Phy interface Condition cause : null
2025-02-27 10:54:52,208 [WARN] PackLoader:240 - Cannot read IP mode file for STMicroelectronics.X-CUBE-AZRTOS-L4.2.0.0
2025-02-27 10:54:52,213 [WARN] ConditionMgr:1044 - genDependencies : Invalid condition id : LAN8742 Phy interface Condition cause : null
2025-02-27 10:54:52,214 [WARN] ConditionMgr:1044 - genDependencies : Invalid condition id : LAN8742 Phy interface Condition cause : null
2025-02-27 10:54:52,215 [WARN] ConditionMgr:1044 - genDependencies : Invalid condition id : LAN8742 Phy interface Condition cause : null
2025-02-27 10:54:52,271 [WARN] PackLoader:240 - Cannot read IP mode file for STMicroelectronics.X-CUBE-SFXS2LP1.4.0.0
2025-02-27 10:54:52,360 [WARN] PackLoader:240 - Cannot read IP mode file for STMicroelectronics.X-CUBE-AZRTOS-H7.3.3.0
2025-02-27 10:54:52,434 [WARN] ConditionMgr:438 - getConditionDescription Invalid condition id : UX DEVICE CLASS RTOS Condition cause : null
2025-02-27 10:54:52,435 [WARN] ConditionMgr:438 - getConditionDescription Invalid condition id : UX DEVICE CLASS RTOS Condition cause : null
2025-02-27 10:54:52,438 [WARN] PackLoader:240 - Cannot read IP mode file for STMicroelectronics.X-CUBE-AZRTOS-WB.2.0.0
2025-02-27 10:54:52,439 [WARN] ConditionMgr:1044 - genDependencies : Invalid condition id : UX DEVICE CLASS RTOS Condition cause : null
2025-02-27 10:54:52,439 [WARN] ConditionMgr:1044 - genDependencies : Invalid condition id : UX DEVICE CLASS RTOS Condition cause : null
2025-02-27 10:54:52,439 [WARN] ConditionMgr:1044 - genDependencies : Invalid condition id : UX DEVICE CLASS RTOS Condition cause : null
2025-02-27 10:54:52,440 [WARN] ConditionMgr:1044 - genDependencies : Invalid condition id : UX DEVICE CLASS RTOS Condition cause : null
2025-02-27 10:54:52,440 [WARN] ConditionMgr:1044 - genDependencies : Invalid condition id : UX DEVICE CLASS RTOS Condition cause : null
2025-02-27 10:54:52,484 [WARN] PackLoader:240 - Cannot read IP mode file for STMicroelectronics.X-CUBE-GNSS1.7.0.1
2025-02-27 10:54:52,529 [WARN] PackLoader:240 - Cannot read IP mode file for STMicroelectronics.FP-SNS-STBOX1.2.0.0
2025-02-27 10:54:52,598 [WARN] PackLoader:240 - Cannot read IP mode file for STMicroelectronics.X-CUBE-SUBG2.5.0.0
2025-02-27 10:54:52,635 [WARN] PackLoader:240 - Cannot read IP mode file for Cesanta.I-CUBE-Mongoose.7.13.0
2025-02-27 10:54:52,703 [WARN] PackLoader:240 - Cannot read IP mode file for STMicroelectronics.X-CUBE-AZRTOS-G4.2.0.0
2025-02-27 10:54:52,767 [WARN] PackLoader:240 - Cannot read IP mode file for STMicroelectronics.X-CUBE-IPS.3.1.0
2025-02-27 10:54:52,812 [WARN] PackLoader:240 - Cannot read IP mode file for STMicroelectronics.X-CUBE-ALS.1.0.2
2025-02-27 10:54:52,851 [WARN] PackLoader:240 - Cannot read IP mode file for STMicroelectronics.X-CUBE-TOUCHGFX.4.24.2
2025-02-27 10:54:52,938 [WARN] PackLoader:240 - Cannot read IP mode file for wolfSSL.I-CUBE-wolfTPM.3.4.0
2025-02-27 10:54:52,992 [WARN] PackLoader:240 - Cannot read IP mode file for portGmbH.I-Cube-SoM-uGOAL.1.1.0
2025-02-27 10:54:53,119 [WARN] PackLoader:240 - Cannot read IP mode file for STMicroelectronics.X-CUBE-AZRTOS-H7RS.1.0.0
2025-02-27 10:54:53,213 [WARN] PackLoader:240 - Cannot read IP mode file for STMicroelectronics.X-CUBE-TOF1.3.4.2
2025-02-27 10:54:53,372 [WARN] PackLoader:240 - Cannot read IP mode file for wolfSSL.I-CUBE-wolfSSH.1.4.17
2025-02-27 10:54:53,373 [INFO] ThirdParty:978 - Integrity check success = true
2025-02-27 10:54:53,374 [INFO] IntegrityCheckThread:100 - exiting critical section [integrity check]
2025-02-27 10:54:53,374 [INFO] IntegrityCheckThread:103 - End integrity checks thread
2025-02-27 10:54:54,372 [ERROR] LogOutputStream:75 - [STDERR_REDIRECT] 
2025-02-27 10:54:54,377 [ERROR] LogOutputStream:75 - [STDERR_REDIRECT] 
